2013-09-25 11:55:18,703-[TS] INFO localhost-startStop-1 org.springframework.web.context.ContextLoader - Root WebApplicationContext: initialization started
2013-09-25 11:55:18,859-[TS] INFO localhost-startStop-1 org.springframework.web.context.support.XmlWebApplicationContext - Refreshing Root WebApplicationContext: startup date [Wed Sep 25 11:55:18 CST 2013]; root of context hierarchy
2013-09-25 11:55:18,953-[TS] INFO localhost-startStop-1 org.springframework.beans.factory.xml.XmlBeanDefinitionReader - Loading XML bean definitions from URL [file:/E:/install/apache-tomcat-7.0.40/webapps/frame/WEB-INF/classes/SpringContext.xml]
2013-09-25 11:55:19,468-[TS] INFO localhost-startStop-1 org.springframework.beans.factory.xml.XmlBeanDefinitionReader - Loading XML bean definitions from URL [file:/E:/install/apache-tomcat-7.0.40/webapps/frame/WEB-INF/classes/SpringContext_Shiro.xml]
2013-09-25 11:55:19,734-[TS] INFO localhost-startStop-1 org.springframework.context.support.PropertySourcesPlaceholderConfigurer - Loading properties file from class path resource [dbconfig.properties]
2013-09-25 11:55:19,984-[TS] INFO localhost-startStop-1 org.springframework.web.context.support.XmlWebApplicationContext - Bean 'org.springframework.transaction.annotation.AnnotationTransactionAttributeSource#0' of type [class org.springframework.transaction.annotation.AnnotationTransactionAttributeSource] is not eligible for getting processed by all BeanPostProcessors (for example: not eligible for auto-proxying)
2013-09-25 11:55:20,000-[TS] INFO localhost-startStop-1 org.springframework.web.context.support.XmlWebApplicationContext - Bean 'org.springframework.transaction.config.internalTransactionAdvisor' of type [class org.springframework.transaction.interceptor.BeanFactoryTransactionAttributeSourceAdvisor] is not eligible for getting processed by all BeanPostProcessors (for example: not eligible for auto-proxying)
2013-09-25 11:55:20,078-[TS] INFO localhost-startStop-1 org.springframework.web.context.support.XmlWebApplicationContext - Bean 'dataSource' of type [class org.apache.commons.dbcp.BasicDataSource] is not eligible for getting processed by all BeanPostProcessors (for example: not eligible for auto-proxying)
2013-09-25 11:55:22,187-[TS] ERROR localhost-startStop-1 org.apache.ibatis.executor.BaseExecutor - Could not get a databaseId from dataSource
org.apache.commons.dbcp.SQLNestedException: Cannot create PoolableConnectionFactory (Communications link failure

The last packet sent successfully to the server was 0 milliseconds ago. The driver has not received any packets from the server.)
	at org.apache.commons.dbcp.BasicDataSource.createPoolableConnectionFactory(BasicDataSource.java:1549)
	at org.apache.commons.dbcp.BasicDataSource.createDataSource(BasicDataSource.java:1388)
	at org.apache.commons.dbcp.BasicDataSource.getConnection(BasicDataSource.java:1044)
	at org.apache.ibatis.mapping.VendorDatabaseIdProvider.getDatabaseProductName(VendorDatabaseIdProvider.java:76)
	at org.apache.ibatis.mapping.VendorDatabaseIdProvider.getDatabaseName(VendorDatabaseIdProvider.java:61)
	at org.apache.ibatis.mapping.VendorDatabaseIdProvider.getDatabaseId(VendorDatabaseIdProvider.java:49)
	at org.mybatis.spring.SqlSessionFactoryBean.buildSqlSessionFactory(SqlSessionFactoryBean.java:445)
	at org.mybatis.spring.SqlSessionFactoryBean.afterPropertiesSet(SqlSessionFactoryBean.java:336)
	at org.springframework.beans.factory.support.AbstractAutowireCapableBeanFactory.invokeInitMethods(AbstractAutowireCapableBeanFactory.java:1541)
	at org.springframework.beans.factory.support.AbstractAutowireCapableBeanFactory.initializeBean(AbstractAutowireCapableBeanFactory.java:1479)
	at org.springframework.beans.factory.support.AbstractAutowireCapableBeanFactory.doCreateBean(AbstractAutowireCapableBeanFactory.java:521)
	at org.springframework.beans.factory.support.AbstractAutowireCapableBeanFactory.createBean(AbstractAutowireCapableBeanFactory.java:458)
	at org.springframework.beans.factory.support.AbstractBeanFactory$1.getObject(AbstractBeanFactory.java:295)
	at org.springframework.beans.factory.support.DefaultSingletonBeanRegistry.getSingleton(DefaultSingletonBeanRegistry.java:223)
	at org.springframework.beans.factory.support.AbstractBeanFactory.doGetBean(AbstractBeanFactory.java:292)
	at org.springframework.beans.factory.support.AbstractBeanFactory.getBean(AbstractBeanFactory.java:194)
	at org.springframework.beans.factory.support.BeanDefinitionValueResolver.resolveReference(BeanDefinitionValueResolver.java:323)
	at org.springframework.beans.factory.support.BeanDefinitionValueResolver.resolveValueIfNecessary(BeanDefinitionValueResolver.java:107)
	at org.springframework.beans.factory.support.ConstructorResolver.resolveConstructorArguments(ConstructorResolver.java:615)
	at org.springframework.beans.factory.support.ConstructorResolver.autowireConstructor(ConstructorResolver.java:148)
	at org.springframework.beans.factory.support.AbstractAutowireCapableBeanFactory.autowireConstructor(AbstractAutowireCapableBeanFactory.java:1045)
	at org.springframework.beans.factory.support.AbstractAutowireCapableBeanFactory.createBeanInstance(AbstractAutowireCapableBeanFactory.java:949)
	at org.springframework.beans.factory.support.AbstractAutowireCapableBeanFactory.doCreateBean(AbstractAutowireCapableBeanFactory.java:487)
	at org.springframework.beans.factory.support.AbstractAutowireCapableBeanFactory.createBean(AbstractAutowireCapableBeanFactory.java:458)
	at org.springframework.beans.factory.support.AbstractBeanFactory$1.getObject(AbstractBeanFactory.java:295)
	at org.springframework.beans.factory.support.DefaultSingletonBeanRegistry.getSingleton(DefaultSingletonBeanRegistry.java:223)
	at org.springframework.beans.factory.support.AbstractBeanFactory.doGetBean(AbstractBeanFactory.java:292)
	at org.springframework.beans.factory.support.AbstractBeanFactory.getBean(AbstractBeanFactory.java:198)
	at org.springframework.context.annotation.CommonAnnotationBeanPostProcessor.autowireResource(CommonAnnotationBeanPostProcessor.java:442)
	at org.springframework.context.annotation.CommonAnnotationBeanPostProcessor.getResource(CommonAnnotationBeanPostProcessor.java:416)
	at org.springframework.context.annotation.CommonAnnotationBeanPostProcessor$ResourceElement.getResourceToInject(CommonAnnotationBeanPostProcessor.java:550)
	at org.springframework.beans.factory.annotation.InjectionMetadata$InjectedElement.inject(InjectionMetadata.java:159)
	at org.springframework.beans.factory.annotation.InjectionMetadata.inject(InjectionMetadata.java:87)
	at org.springframework.context.annotation.CommonAnnotationBeanPostProcessor.postProcessPropertyValues(CommonAnnotationBeanPostProcessor.java:303)
	at org.springframework.beans.factory.support.AbstractAutowireCapableBeanFactory.populateBean(AbstractAutowireCapableBeanFactory.java:1116)
	at org.springframework.beans.factory.support.AbstractAutowireCapableBeanFactory.doCreateBean(AbstractAutowireCapableBeanFactory.java:519)
	at org.springframework.beans.factory.support.AbstractAutowireCapableBeanFactory.createBean(AbstractAutowireCapableBeanFactory.java:458)
	at org.springframework.beans.factory.support.AbstractBeanFactory$1.getObject(AbstractBeanFactory.java:295)
	at org.springframework.beans.factory.support.DefaultSingletonBeanRegistry.getSingleton(DefaultSingletonBeanRegistry.java:223)
	at org.springframework.beans.factory.support.AbstractBeanFactory.doGetBean(AbstractBeanFactory.java:292)
	at org.springframework.beans.factory.support.AbstractBeanFactory.getBean(AbstractBeanFactory.java:194)
	at org.springframework.beans.factory.support.DefaultListableBeanFactory.findAutowireCandidates(DefaultListableBeanFactory.java:912)
	at org.springframework.beans.factory.support.DefaultListableBeanFactory.doResolveDependency(DefaultListableBeanFactory.java:855)
	at org.springframework.beans.factory.support.DefaultListableBeanFactory.resolveDependency(DefaultListableBeanFactory.java:770)
	at org.springframework.beans.factory.annotation.AutowiredAnnotationBeanPostProcessor$AutowiredFieldElement.inject(AutowiredAnnotationBeanPostProcessor.java:486)
	at org.springframework.beans.factory.annotation.InjectionMetadata.inject(InjectionMetadata.java:87)
	at org.springframework.beans.factory.annotation.AutowiredAnnotationBeanPostProcessor.postProcessPropertyValues(AutowiredAnnotationBeanPostProcessor.java:285)
	at org.springframework.beans.factory.support.AbstractAutowireCapableBeanFactory.populateBean(AbstractAutowireCapableBeanFactory.java:1116)
	at org.springframework.beans.factory.support.AbstractAutowireCapableBeanFactory.doCreateBean(AbstractAutowireCapableBeanFactory.java:519)
	at org.springframework.beans.factory.support.AbstractAutowireCapableBeanFactory.createBean(AbstractAutowireCapableBeanFactory.java:458)
	at org.springframework.beans.factory.support.AbstractBeanFactory$1.getObject(AbstractBeanFactory.java:295)
	at org.springframework.beans.factory.support.DefaultSingletonBeanRegistry.getSingleton(DefaultSingletonBeanRegistry.java:223)
	at org.springframework.beans.factory.support.AbstractBeanFactory.doGetBean(AbstractBeanFactory.java:292)
	at org.springframework.beans.factory.support.AbstractBeanFactory.getBean(AbstractBeanFactory.java:194)
	at org.springframework.beans.factory.support.BeanDefinitionValueResolver.resolveReference(BeanDefinitionValueResolver.java:323)
	at org.springframework.beans.factory.support.BeanDefinitionValueResolver.resolveValueIfNecessary(BeanDefinitionValueResolver.java:107)
	at org.springframework.beans.factory.support.AbstractAutowireCapableBeanFactory.applyPropertyValues(AbstractAutowireCapableBeanFactory.java:1387)
	at org.springframework.beans.factory.support.AbstractAutowireCapableBeanFactory.populateBean(AbstractAutowireCapableBeanFactory.java:1128)
	at org.springframework.beans.factory.support.AbstractAutowireCapableBeanFactory.doCreateBean(AbstractAutowireCapableBeanFactory.java:519)
	at org.springframework.beans.factory.support.AbstractAutowireCapableBeanFactory.createBean(AbstractAutowireCapableBeanFactory.java:458)
	at org.springframework.beans.factory.support.AbstractBeanFactory$1.getObject(AbstractBeanFactory.java:295)
	at org.springframework.beans.factory.support.DefaultSingletonBeanRegistry.getSingleton(DefaultSingletonBeanRegistry.java:223)
	at org.springframework.beans.factory.support.AbstractBeanFactory.doGetBean(AbstractBeanFactory.java:292)
	at org.springframework.beans.factory.support.AbstractBeanFactory.getBean(AbstractBeanFactory.java:194)
	at org.springframework.beans.factory.support.BeanDefinitionValueResolver.resolveReference(BeanDefinitionValueResolver.java:323)
	at org.springframework.beans.factory.support.BeanDefinitionValueResolver.resolveValueIfNecessary(BeanDefinitionValueResolver.java:107)
	at org.springframework.beans.factory.support.AbstractAutowireCapableBeanFactory.applyPropertyValues(AbstractAutowireCapableBeanFactory.java:1387)
	at org.springframework.beans.factory.support.AbstractAutowireCapableBeanFactory.populateBean(AbstractAutowireCapableBeanFactory.java:1128)
	at org.springframework.beans.factory.support.AbstractAutowireCapableBeanFactory.doCreateBean(AbstractAutowireCapableBeanFactory.java:519)
	at org.springframework.beans.factory.support.AbstractAutowireCapableBeanFactory.createBean(AbstractAutowireCapableBeanFactory.java:458)
	at org.springframework.beans.factory.support.AbstractBeanFactory$1.getObject(AbstractBeanFactory.java:295)
	at org.springframework.beans.factory.support.DefaultSingletonBeanRegistry.getSingleton(DefaultSingletonBeanRegistry.java:223)
	at org.springframework.beans.factory.support.AbstractBeanFactory.doGetBean(AbstractBeanFactory.java:292)
	at org.springframework.beans.factory.support.AbstractBeanFactory.getBean(AbstractBeanFactory.java:198)
	at org.springframework.context.support.AbstractApplicationContext.registerBeanPostProcessors(AbstractApplicationContext.java:753)
	at org.springframework.context.support.AbstractApplicationContext.refresh(AbstractApplicationContext.java:464)
	at org.springframework.web.context.ContextLoader.configureAndRefreshWebApplicationContext(ContextLoader.java:389)
	at org.springframework.web.context.ContextLoader.initWebApplicationContext(ContextLoader.java:294)
	at org.springframework.web.context.ContextLoaderListener.contextInitialized(ContextLoaderListener.java:112)
	at org.apache.catalina.core.StandardContext.listenerStart(StandardContext.java:4887)
	at org.apache.catalina.core.StandardContext.startInternal(StandardContext.java:5381)
	at org.apache.catalina.util.LifecycleBase.start(LifecycleBase.java:150)
	at org.apache.catalina.core.ContainerBase.addChildInternal(ContainerBase.java:901)
	at org.apache.catalina.core.ContainerBase.addChild(ContainerBase.java:877)
	at org.apache.catalina.core.StandardHost.addChild(StandardHost.java:633)
	at org.apache.catalina.startup.HostConfig.deployDirectory(HostConfig.java:1114)
	at org.apache.catalina.startup.HostConfig$DeployDirectory.run(HostConfig.java:1672)
	at java.util.concurrent.Executors$RunnableAdapter.call(Executors.java:439)
	at java.util.concurrent.FutureTask$Sync.innerRun(FutureTask.java:303)
	at java.util.concurrent.FutureTask.run(FutureTask.java:138)
	at java.util.concurrent.ThreadPoolExecutor$Worker.runTask(ThreadPoolExecutor.java:895)
	at java.util.concurrent.ThreadPoolExecutor$Worker.run(ThreadPoolExecutor.java:918)
	at java.lang.Thread.run(Thread.java:662)
Caused by: com.mysql.jdbc.exceptions.jdbc4.CommunicationsException: Communications link failure

The last packet sent successfully to the server was 0 milliseconds ago. The driver has not received any packets from the server.
	at sun.reflect.NativeConstructorAccessorImpl.newInstance0(Native Method)
	at sun.reflect.NativeConstructorAccessorImpl.newInstance(NativeConstructorAccessorImpl.java:39)
	at sun.reflect.DelegatingConstructorAccessorImpl.newInstance(DelegatingConstructorAccessorImpl.java:27)
	at java.lang.reflect.Constructor.newInstance(Constructor.java:513)
	at com.mysql.jdbc.Util.handleNewInstance(Util.java:411)
	at com.mysql.jdbc.SQLError.createCommunicationsException(SQLError.java:1116)
	at com.mysql.jdbc.MysqlIO.<init>(MysqlIO.java:344)
	at com.mysql.jdbc.ConnectionImpl.coreConnect(ConnectionImpl.java:2333)
	at com.mysql.jdbc.ConnectionImpl.connectOneTryOnly(ConnectionImpl.java:2370)
	at com.mysql.jdbc.ConnectionImpl.createNewIO(ConnectionImpl.java:2154)
	at com.mysql.jdbc.ConnectionImpl.<init>(ConnectionImpl.java:792)
	at com.mysql.jdbc.JDBC4Connection.<init>(JDBC4Connection.java:47)
	at sun.reflect.NativeConstructorAccessorImpl.newInstance0(Native Method)
	at sun.reflect.NativeConstructorAccessorImpl.newInstance(NativeConstructorAccessorImpl.java:39)
	at sun.reflect.DelegatingConstructorAccessorImpl.newInstance(DelegatingConstructorAccessorImpl.java:27)
	at java.lang.reflect.Constructor.newInstance(Constructor.java:513)
	at com.mysql.jdbc.Util.handleNewInstance(Util.java:411)
	at com.mysql.jdbc.ConnectionImpl.getInstance(ConnectionImpl.java:381)
	at com.mysql.jdbc.NonRegisteringDriver.connect(NonRegisteringDriver.java:305)
	at org.apache.commons.dbcp.DriverConnectionFactory.createConnection(DriverConnectionFactory.java:38)
	at org.apache.commons.dbcp.PoolableConnectionFactory.makeObject(PoolableConnectionFactory.java:582)
	at org.apache.commons.dbcp.BasicDataSource.validateConnectionFactory(BasicDataSource.java:1556)
	at org.apache.commons.dbcp.BasicDataSource.createPoolableConnectionFactory(BasicDataSource.java:1545)
	... 92 more
Caused by: java.net.ConnectException: Connection refused: connect
	at java.net.PlainSocketImpl.socketConnect(Native Method)
	at java.net.PlainSocketImpl.doConnect(PlainSocketImpl.java:351)
	at java.net.PlainSocketImpl.connectToAddress(PlainSocketImpl.java:213)
	at java.net.PlainSocketImpl.connect(PlainSocketImpl.java:200)
	at java.net.SocksSocketImpl.connect(SocksSocketImpl.java:366)
	at java.net.Socket.connect(Socket.java:529)
	at java.net.Socket.connect(Socket.java:478)
	at java.net.Socket.<init>(Socket.java:375)
	at java.net.Socket.<init>(Socket.java:218)
	at com.mysql.jdbc.StandardSocketFactory.connect(StandardSocketFactory.java:257)
	at com.mysql.jdbc.MysqlIO.<init>(MysqlIO.java:294)
	... 108 more
2013-09-25 11:55:22,234-[TS] INFO localhost-startStop-1 org.springframework.web.context.support.XmlWebApplicationContext - Bean 'sqlSessionFactory' of type [class org.mybatis.spring.SqlSessionFactoryBean] is not eligible for getting processed by all BeanPostProcessors (for example: not eligible for auto-proxying)
2013-09-25 11:55:22,234-[TS] INFO localhost-startStop-1 org.springframework.web.context.support.XmlWebApplicationContext - Bean 'sqlSessionFactory' of type [class org.apache.ibatis.session.defaults.DefaultSqlSessionFactory] is not eligible for getting processed by all BeanPostProcessors (for example: not eligible for auto-proxying)
2013-09-25 11:55:22,234-[TS] INFO localhost-startStop-1 org.springframework.web.context.support.XmlWebApplicationContext - Bean 'sqlSession' of type [class org.mybatis.spring.SqlSessionTemplate] is not eligible for getting processed by all BeanPostProcessors (for example: not eligible for auto-proxying)
2013-09-25 11:55:22,234-[TS] INFO localhost-startStop-1 org.springframework.web.context.support.XmlWebApplicationContext - Bean 'authManager' of type [class com.thang.service.system.AuthManager] is not eligible for getting processed by all BeanPostProcessors (for example: not eligible for auto-proxying)
2013-09-25 11:55:22,234-[TS] INFO localhost-startStop-1 org.springframework.web.context.support.XmlWebApplicationContext - Bean 'userManager' of type [class com.thang.service.system.UserManager] is not eligible for getting processed by all BeanPostProcessors (for example: not eligible for auto-proxying)
2013-09-25 11:55:22,234-[TS] INFO localhost-startStop-1 org.apache.shiro.realm.AuthorizingRealm - No cache or cacheManager properties have been set.  Authorization cache cannot be obtained.
2013-09-25 11:55:22,234-[TS] INFO localhost-startStop-1 org.springframework.web.context.support.XmlWebApplicationContext - Bean 'shiroDbRealm' of type [class com.thang.tools.auth.DBRealm] is not eligible for getting processed by all BeanPostProcessors (for example: not eligible for auto-proxying)
2013-09-25 11:55:22,796-[TS] INFO localhost-startStop-1 org.springframework.web.context.support.XmlWebApplicationContext - Bean 'cacheManager' of type [class org.apache.shiro.cache.ehcache.EhCacheManager] is not eligible for getting processed by all BeanPostProcessors (for example: not eligible for auto-proxying)
2013-09-25 11:55:22,796-[TS] INFO localhost-startStop-1 org.apache.shiro.cache.ehcache.EhCacheManager - Cache with name 'com.thang.tools.auth.DBRealm.authorizationCache' does not yet exist.  Creating now.
2013-09-25 11:55:22,812-[TS] INFO localhost-startStop-1 org.apache.shiro.cache.ehcache.EhCacheManager - Added EhCache named [com.thang.tools.auth.DBRealm.authorizationCache]
2013-09-25 11:55:22,812-[TS] WARN localhost-startStop-1 org.apache.shiro.web.mgt.DefaultWebSecurityManager - The 'sessionMode' property has been deprecated.  Please configure an appropriate WebSessionManager instance instead of using this property.  This property/method will be removed in a later version.
2013-09-25 11:55:22,828-[TS] INFO localhost-startStop-1 org.apache.shiro.web.mgt.DefaultWebSecurityManager - http mode - enabling ServletContainerSessionManager (HTTP-only Sessions)
2013-09-25 11:55:22,828-[TS] INFO localhost-startStop-1 org.springframework.web.context.support.XmlWebApplicationContext - Bean 'securityManager' of type [class org.apache.shiro.web.mgt.DefaultWebSecurityManager] is not eligible for getting processed by all BeanPostProcessors (for example: not eligible for auto-proxying)
2013-09-25 11:55:22,843-[TS] INFO localhost-startStop-1 org.springframework.beans.factory.support.DefaultListableBeanFactory - Pre-instantiating singletons in org.springframework.beans.factory.support.DefaultListableBeanFactory@17a687b: defining beans [org.springframework.context.support.PropertySourcesPlaceholderConfigurer#0,infoService,authManager,resourceManager,roleManager,userManager,dbRealm,org.springframework.context.annotation.internalConfigurationAnnotationProcessor,org.springframework.context.annotation.internalAutowiredAnnotationProcessor,org.springframework.context.annotation.internalRequiredAnnotationProcessor,org.springframework.context.annotation.internalCommonAnnotationProcessor,dataSource,dbe,sqlSessionFactory,sqlSession,txManager,org.springframework.aop.config.internalAutoProxyCreator,org.springframework.transaction.annotation.AnnotationTransactionAttributeSource#0,org.springframework.transaction.interceptor.TransactionInterceptor#0,org.springframework.transaction.config.internalTransactionAdvisor,txAdvice,shiroDbRealm,securityManager,cacheManager,shiroFilter,lifecycleBeanPostProcessor,org.springframework.context.annotation.ConfigurationClassPostProcessor.importAwareProcessor]; root of factory hierarchy
2013-09-25 11:55:22,859-[TS] INFO localhost-startStop-1 org.springframework.web.context.ContextLoader - Root WebApplicationContext: initialization completed in 4156 ms
2013-09-25 11:55:46,093-[TS] INFO localhost-startStop-1 org.springframework.web.context.ContextLoader - Root WebApplicationContext: initialization started
2013-09-25 11:55:46,265-[TS] INFO localhost-startStop-1 org.springframework.web.context.support.XmlWebApplicationContext - Refreshing Root WebApplicationContext: startup date [Wed Sep 25 11:55:46 CST 2013]; root of context hierarchy
2013-09-25 11:55:46,359-[TS] INFO localhost-startStop-1 org.springframework.beans.factory.xml.XmlBeanDefinitionReader - Loading XML bean definitions from URL [file:/E:/install/apache-tomcat-7.0.40/webapps/frame/WEB-INF/classes/SpringContext.xml]
2013-09-25 11:55:46,656-[TS] INFO localhost-startStop-1 org.springframework.beans.factory.xml.XmlBeanDefinitionReader - Loading XML bean definitions from URL [file:/E:/install/apache-tomcat-7.0.40/webapps/frame/WEB-INF/classes/SpringContext_Shiro.xml]
2013-09-25 11:55:46,906-[TS] INFO localhost-startStop-1 org.springframework.context.support.PropertySourcesPlaceholderConfigurer - Loading properties file from class path resource [dbconfig.properties]
2013-09-25 11:55:47,187-[TS] INFO localhost-startStop-1 org.springframework.web.context.support.XmlWebApplicationContext - Bean 'org.springframework.transaction.annotation.AnnotationTransactionAttributeSource#0' of type [class org.springframework.transaction.annotation.AnnotationTransactionAttributeSource] is not eligible for getting processed by all BeanPostProcessors (for example: not eligible for auto-proxying)
2013-09-25 11:55:47,187-[TS] INFO localhost-startStop-1 org.springframework.web.context.support.XmlWebApplicationContext - Bean 'org.springframework.transaction.config.internalTransactionAdvisor' of type [class org.springframework.transaction.interceptor.BeanFactoryTransactionAttributeSourceAdvisor] is not eligible for getting processed by all BeanPostProcessors (for example: not eligible for auto-proxying)
2013-09-25 11:55:47,234-[TS] INFO localhost-startStop-1 org.springframework.web.context.support.XmlWebApplicationContext - Bean 'dataSource' of type [class org.apache.commons.dbcp.BasicDataSource] is not eligible for getting processed by all BeanPostProcessors (for example: not eligible for auto-proxying)
2013-09-25 11:55:47,984-[TS] INFO localhost-startStop-1 org.springframework.web.context.support.XmlWebApplicationContext - Bean 'sqlSessionFactory' of type [class org.mybatis.spring.SqlSessionFactoryBean] is not eligible for getting processed by all BeanPostProcessors (for example: not eligible for auto-proxying)
2013-09-25 11:55:47,984-[TS] INFO localhost-startStop-1 org.springframework.web.context.support.XmlWebApplicationContext - Bean 'sqlSessionFactory' of type [class org.apache.ibatis.session.defaults.DefaultSqlSessionFactory] is not eligible for getting processed by all BeanPostProcessors (for example: not eligible for auto-proxying)
2013-09-25 11:55:48,000-[TS] INFO localhost-startStop-1 org.springframework.web.context.support.XmlWebApplicationContext - Bean 'sqlSession' of type [class org.mybatis.spring.SqlSessionTemplate] is not eligible for getting processed by all BeanPostProcessors (for example: not eligible for auto-proxying)
2013-09-25 11:55:48,000-[TS] INFO localhost-startStop-1 org.springframework.web.context.support.XmlWebApplicationContext - Bean 'authManager' of type [class com.thang.service.system.AuthManager] is not eligible for getting processed by all BeanPostProcessors (for example: not eligible for auto-proxying)
2013-09-25 11:55:48,015-[TS] INFO localhost-startStop-1 org.springframework.web.context.support.XmlWebApplicationContext - Bean 'userManager' of type [class com.thang.service.system.UserManager] is not eligible for getting processed by all BeanPostProcessors (for example: not eligible for auto-proxying)
2013-09-25 11:55:48,015-[TS] INFO localhost-startStop-1 org.apache.shiro.realm.AuthorizingRealm - No cache or cacheManager properties have been set.  Authorization cache cannot be obtained.
2013-09-25 11:55:48,015-[TS] INFO localhost-startStop-1 org.springframework.web.context.support.XmlWebApplicationContext - Bean 'shiroDbRealm' of type [class com.thang.tools.auth.DBRealm] is not eligible for getting processed by all BeanPostProcessors (for example: not eligible for auto-proxying)
2013-09-25 11:55:48,406-[TS] INFO localhost-startStop-1 org.springframework.web.context.support.XmlWebApplicationContext - Bean 'cacheManager' of type [class org.apache.shiro.cache.ehcache.EhCacheManager] is not eligible for getting processed by all BeanPostProcessors (for example: not eligible for auto-proxying)
2013-09-25 11:55:48,406-[TS] INFO localhost-startStop-1 org.apache.shiro.cache.ehcache.EhCacheManager - Cache with name 'com.thang.tools.auth.DBRealm.authorizationCache' does not yet exist.  Creating now.
2013-09-25 11:55:48,437-[TS] INFO localhost-startStop-1 org.apache.shiro.cache.ehcache.EhCacheManager - Added EhCache named [com.thang.tools.auth.DBRealm.authorizationCache]
2013-09-25 11:55:48,437-[TS] WARN localhost-startStop-1 org.apache.shiro.web.mgt.DefaultWebSecurityManager - The 'sessionMode' property has been deprecated.  Please configure an appropriate WebSessionManager instance instead of using this property.  This property/method will be removed in a later version.
2013-09-25 11:55:48,437-[TS] INFO localhost-startStop-1 org.apache.shiro.web.mgt.DefaultWebSecurityManager - http mode - enabling ServletContainerSessionManager (HTTP-only Sessions)
2013-09-25 11:55:48,437-[TS] INFO localhost-startStop-1 org.springframework.web.context.support.XmlWebApplicationContext - Bean 'securityManager' of type [class org.apache.shiro.web.mgt.DefaultWebSecurityManager] is not eligible for getting processed by all BeanPostProcessors (for example: not eligible for auto-proxying)
2013-09-25 11:55:48,453-[TS] INFO localhost-startStop-1 org.springframework.beans.factory.support.DefaultListableBeanFactory - Pre-instantiating singletons in org.springframework.beans.factory.support.DefaultListableBeanFactory@d76d51: defining beans [org.springframework.context.support.PropertySourcesPlaceholderConfigurer#0,infoService,authManager,resourceManager,roleManager,userManager,dbRealm,org.springframework.context.annotation.internalConfigurationAnnotationProcessor,org.springframework.context.annotation.internalAutowiredAnnotationProcessor,org.springframework.context.annotation.internalRequiredAnnotationProcessor,org.springframework.context.annotation.internalCommonAnnotationProcessor,dataSource,dbe,sqlSessionFactory,sqlSession,txManager,org.springframework.aop.config.internalAutoProxyCreator,org.springframework.transaction.annotation.AnnotationTransactionAttributeSource#0,org.springframework.transaction.interceptor.TransactionInterceptor#0,org.springframework.transaction.config.internalTransactionAdvisor,txAdvice,shiroDbRealm,securityManager,cacheManager,shiroFilter,lifecycleBeanPostProcessor,org.springframework.context.annotation.ConfigurationClassPostProcessor.importAwareProcessor]; root of factory hierarchy
2013-09-25 11:55:48,468-[TS] INFO localhost-startStop-1 org.springframework.web.context.ContextLoader - Root WebApplicationContext: initialization completed in 2375 ms
2013-09-25 11:56:17,656-[TS] INFO http-apr-80-exec-7 org.springframework.web.servlet.DispatcherServlet - FrameworkServlet 'springmvc': initialization started
2013-09-25 11:56:17,687-[TS] INFO http-apr-80-exec-7 org.springframework.web.context.support.XmlWebApplicationContext - Refreshing WebApplicationContext for namespace 'springmvc-servlet': startup date [Wed Sep 25 11:56:17 CST 2013]; parent: Root WebApplicationContext
2013-09-25 11:56:17,687-[TS] INFO http-apr-80-exec-7 org.springframework.beans.factory.xml.XmlBeanDefinitionReader - Loading XML bean definitions from URL [file:/E:/install/apache-tomcat-7.0.40/webapps/frame/WEB-INF/classes/SpringMVC.xml]
2013-09-25 11:56:17,765-[TS] INFO http-apr-80-exec-7 org.springframework.beans.factory.support.DefaultListableBeanFactory - Pre-instantiating singletons in org.springframework.beans.factory.support.DefaultListableBeanFactory@13f3ee0: defining beans [resourceAction,roleAction,userAction,indexAction,systemAction,org.springframework.context.annotation.internalConfigurationAnnotationProcessor,org.springframework.context.annotation.internalAutowiredAnnotationProcessor,org.springframework.context.annotation.internalRequiredAnnotationProcessor,org.springframework.context.annotation.internalCommonAnnotationProcessor,org.springframework.web.servlet.view.InternalResourceViewResolver#0,exceptionResolver,org.springframework.context.annotation.ConfigurationClassPostProcessor.importAwareProcessor]; parent: org.springframework.beans.factory.support.DefaultListableBeanFactory@d76d51
2013-09-25 11:56:17,796-[TS] INFO http-apr-80-exec-7 org.apache.shiro.realm.AuthorizingRealm - No cache or cacheManager properties have been set.  Authorization cache cannot be obtained.
2013-09-25 11:56:17,890-[TS] INFO http-apr-80-exec-7 org.springframework.web.servlet.mvc.annotation.DefaultAnnotationHandlerMapping - Mapped URL path [/system/auth/resourceList] onto handler 'resourceAction'
2013-09-25 11:56:17,890-[TS] INFO http-apr-80-exec-7 org.springframework.web.servlet.mvc.annotation.DefaultAnnotationHandlerMapping - Mapped URL path [/system/auth/resourceList.*] onto handler 'resourceAction'
2013-09-25 11:56:17,890-[TS] INFO http-apr-80-exec-7 org.springframework.web.servlet.mvc.annotation.DefaultAnnotationHandlerMapping - Mapped URL path [/system/auth/resourceList/] onto handler 'resourceAction'
2013-09-25 11:56:17,890-[TS] INFO http-apr-80-exec-7 org.springframework.web.servlet.mvc.annotation.DefaultAnnotationHandlerMapping - Mapped URL path [/system/auth/resourceForm] onto handler 'resourceAction'
2013-09-25 11:56:17,890-[TS] INFO http-apr-80-exec-7 org.springframework.web.servlet.mvc.annotation.DefaultAnnotationHandlerMapping - Mapped URL path [/system/auth/resourceForm.*] onto handler 'resourceAction'
2013-09-25 11:56:17,890-[TS] INFO http-apr-80-exec-7 org.springframework.web.servlet.mvc.annotation.DefaultAnnotationHandlerMapping - Mapped URL path [/system/auth/resourceForm/] onto handler 'resourceAction'
2013-09-25 11:56:17,890-[TS] INFO http-apr-80-exec-7 org.springframework.web.servlet.mvc.annotation.DefaultAnnotationHandlerMapping - Mapped URL path [/system/auth/resourceData] onto handler 'resourceAction'
2013-09-25 11:56:17,890-[TS] INFO http-apr-80-exec-7 org.springframework.web.servlet.mvc.annotation.DefaultAnnotationHandlerMapping - Mapped URL path [/system/auth/resourceData.*] onto handler 'resourceAction'
2013-09-25 11:56:17,890-[TS] INFO http-apr-80-exec-7 org.springframework.web.servlet.mvc.annotation.DefaultAnnotationHandlerMapping - Mapped URL path [/system/auth/resourceData/] onto handler 'resourceAction'
2013-09-25 11:56:17,890-[TS] INFO http-apr-80-exec-7 org.springframework.web.servlet.mvc.annotation.DefaultAnnotationHandlerMapping - Mapped URL path [/system/auth/roleList] onto handler 'roleAction'
2013-09-25 11:56:17,890-[TS] INFO http-apr-80-exec-7 org.springframework.web.servlet.mvc.annotation.DefaultAnnotationHandlerMapping - Mapped URL path [/system/auth/roleList.*] onto handler 'roleAction'
2013-09-25 11:56:17,890-[TS] INFO http-apr-80-exec-7 org.springframework.web.servlet.mvc.annotation.DefaultAnnotationHandlerMapping - Mapped URL path [/system/auth/roleList/] onto handler 'roleAction'
2013-09-25 11:56:17,890-[TS] INFO http-apr-80-exec-7 org.springframework.web.servlet.mvc.annotation.DefaultAnnotationHandlerMapping - Mapped URL path [/system/auth/roleForm] onto handler 'roleAction'
2013-09-25 11:56:17,890-[TS] INFO http-apr-80-exec-7 org.springframework.web.servlet.mvc.annotation.DefaultAnnotationHandlerMapping - Mapped URL path [/system/auth/roleForm.*] onto handler 'roleAction'
2013-09-25 11:56:17,890-[TS] INFO http-apr-80-exec-7 org.springframework.web.servlet.mvc.annotation.DefaultAnnotationHandlerMapping - Mapped URL path [/system/auth/roleForm/] onto handler 'roleAction'
2013-09-25 11:56:17,890-[TS] INFO http-apr-80-exec-7 org.springframework.web.servlet.mvc.annotation.DefaultAnnotationHandlerMapping - Mapped URL path [/system/auth/roleData] onto handler 'roleAction'
2013-09-25 11:56:17,890-[TS] INFO http-apr-80-exec-7 org.springframework.web.servlet.mvc.annotation.DefaultAnnotationHandlerMapping - Mapped URL path [/system/auth/roleData.*] onto handler 'roleAction'
2013-09-25 11:56:17,890-[TS] INFO http-apr-80-exec-7 org.springframework.web.servlet.mvc.annotation.DefaultAnnotationHandlerMapping - Mapped URL path [/system/auth/roleData/] onto handler 'roleAction'
2013-09-25 11:56:17,890-[TS] INFO http-apr-80-exec-7 org.springframework.web.servlet.mvc.annotation.DefaultAnnotationHandlerMapping - Mapped URL path [/system/auth/userData] onto handler 'userAction'
2013-09-25 11:56:17,890-[TS] INFO http-apr-80-exec-7 org.springframework.web.servlet.mvc.annotation.DefaultAnnotationHandlerMapping - Mapped URL path [/system/auth/userData.*] onto handler 'userAction'
2013-09-25 11:56:17,890-[TS] INFO http-apr-80-exec-7 org.springframework.web.servlet.mvc.annotation.DefaultAnnotationHandlerMapping - Mapped URL path [/system/auth/userData/] onto handler 'userAction'
2013-09-25 11:56:17,890-[TS] INFO http-apr-80-exec-7 org.springframework.web.servlet.mvc.annotation.DefaultAnnotationHandlerMapping - Mapped URL path [/system/login] onto handler 'userAction'
2013-09-25 11:56:17,890-[TS] INFO http-apr-80-exec-7 org.springframework.web.servlet.mvc.annotation.DefaultAnnotationHandlerMapping - Mapped URL path [/system/login.*] onto handler 'userAction'
2013-09-25 11:56:17,890-[TS] INFO http-apr-80-exec-7 org.springframework.web.servlet.mvc.annotation.DefaultAnnotationHandlerMapping - Mapped URL path [/system/login/] onto handler 'userAction'
2013-09-25 11:56:17,890-[TS] INFO http-apr-80-exec-7 org.springframework.web.servlet.mvc.annotation.DefaultAnnotationHandlerMapping - Mapped URL path [/system/logout] onto handler 'userAction'
2013-09-25 11:56:17,890-[TS] INFO http-apr-80-exec-7 org.springframework.web.servlet.mvc.annotation.DefaultAnnotationHandlerMapping - Mapped URL path [/system/logout.*] onto handler 'userAction'
2013-09-25 11:56:17,890-[TS] INFO http-apr-80-exec-7 org.springframework.web.servlet.mvc.annotation.DefaultAnnotationHandlerMapping - Mapped URL path [/system/logout/] onto handler 'userAction'
2013-09-25 11:56:17,890-[TS] INFO http-apr-80-exec-7 org.springframework.web.servlet.mvc.annotation.DefaultAnnotationHandlerMapping - Mapped URL path [/system/auth/userList] onto handler 'userAction'
2013-09-25 11:56:17,890-[TS] INFO http-apr-80-exec-7 org.springframework.web.servlet.mvc.annotation.DefaultAnnotationHandlerMapping - Mapped URL path [/system/auth/userList.*] onto handler 'userAction'
2013-09-25 11:56:17,890-[TS] INFO http-apr-80-exec-7 org.springframework.web.servlet.mvc.annotation.DefaultAnnotationHandlerMapping - Mapped URL path [/system/auth/userList/] onto handler 'userAction'
2013-09-25 11:56:17,890-[TS] INFO http-apr-80-exec-7 org.springframework.web.servlet.mvc.annotation.DefaultAnnotationHandlerMapping - Mapped URL path [/system/auth/userForm] onto handler 'userAction'
2013-09-25 11:56:17,890-[TS] INFO http-apr-80-exec-7 org.springframework.web.servlet.mvc.annotation.DefaultAnnotationHandlerMapping - Mapped URL path [/system/auth/userForm.*] onto handler 'userAction'
2013-09-25 11:56:17,890-[TS] INFO http-apr-80-exec-7 org.springframework.web.servlet.mvc.annotation.DefaultAnnotationHandlerMapping - Mapped URL path [/system/auth/userForm/] onto handler 'userAction'
2013-09-25 11:56:17,890-[TS] INFO http-apr-80-exec-7 org.springframework.web.servlet.mvc.annotation.DefaultAnnotationHandlerMapping - Mapped URL path [/main] onto handler 'indexAction'
2013-09-25 11:56:17,890-[TS] INFO http-apr-80-exec-7 org.springframework.web.servlet.mvc.annotation.DefaultAnnotationHandlerMapping - Mapped URL path [/main.*] onto handler 'indexAction'
2013-09-25 11:56:17,890-[TS] INFO http-apr-80-exec-7 org.springframework.web.servlet.mvc.annotation.DefaultAnnotationHandlerMapping - Mapped URL path [/main/] onto handler 'indexAction'
2013-09-25 11:56:17,890-[TS] INFO http-apr-80-exec-7 org.springframework.web.servlet.mvc.annotation.DefaultAnnotationHandlerMapping - Mapped URL path [/index] onto handler 'indexAction'
2013-09-25 11:56:17,890-[TS] INFO http-apr-80-exec-7 org.springframework.web.servlet.mvc.annotation.DefaultAnnotationHandlerMapping - Mapped URL path [/index.*] onto handler 'indexAction'
2013-09-25 11:56:17,890-[TS] INFO http-apr-80-exec-7 org.springframework.web.servlet.mvc.annotation.DefaultAnnotationHandlerMapping - Mapped URL path [/index/] onto handler 'indexAction'
2013-09-25 11:56:17,890-[TS] INFO http-apr-80-exec-7 org.springframework.web.servlet.mvc.annotation.DefaultAnnotationHandlerMapping - Mapped URL path [/system/about] onto handler 'systemAction'
2013-09-25 11:56:17,890-[TS] INFO http-apr-80-exec-7 org.springframework.web.servlet.mvc.annotation.DefaultAnnotationHandlerMapping - Mapped URL path [/system/about.*] onto handler 'systemAction'
2013-09-25 11:56:17,890-[TS] INFO http-apr-80-exec-7 org.springframework.web.servlet.mvc.annotation.DefaultAnnotationHandlerMapping - Mapped URL path [/system/about/] onto handler 'systemAction'
2013-09-25 11:56:17,890-[TS] INFO http-apr-80-exec-7 org.springframework.web.servlet.mvc.annotation.DefaultAnnotationHandlerMapping - Mapped URL path [/system/contact] onto handler 'systemAction'
2013-09-25 11:56:17,890-[TS] INFO http-apr-80-exec-7 org.springframework.web.servlet.mvc.annotation.DefaultAnnotationHandlerMapping - Mapped URL path [/system/contact.*] onto handler 'systemAction'
2013-09-25 11:56:17,890-[TS] INFO http-apr-80-exec-7 org.springframework.web.servlet.mvc.annotation.DefaultAnnotationHandlerMapping - Mapped URL path [/system/contact/] onto handler 'systemAction'
2013-09-25 11:56:17,890-[TS] INFO http-apr-80-exec-7 org.springframework.web.servlet.mvc.annotation.DefaultAnnotationHandlerMapping - Mapped URL path [/system] onto handler 'systemAction'
2013-09-25 11:56:17,890-[TS] INFO http-apr-80-exec-7 org.springframework.web.servlet.mvc.annotation.DefaultAnnotationHandlerMapping - Mapped URL path [/system.*] onto handler 'systemAction'
2013-09-25 11:56:17,890-[TS] INFO http-apr-80-exec-7 org.springframework.web.servlet.mvc.annotation.DefaultAnnotationHandlerMapping - Mapped URL path [/system/] onto handler 'systemAction'
2013-09-25 11:56:18,015-[TS] INFO http-apr-80-exec-7 org.springframework.web.servlet.DispatcherServlet - FrameworkServlet 'springmvc': initialization completed in 359 ms
2013-09-25 14:20:04,375-[TS] INFO localhost-startStop-1 org.springframework.web.context.ContextLoader - Root WebApplicationContext: initialization started
2013-09-25 14:20:04,515-[TS] INFO localhost-startStop-1 org.springframework.web.context.support.XmlWebApplicationContext - Refreshing Root WebApplicationContext: startup date [Wed Sep 25 14:20:04 CST 2013]; root of context hierarchy
2013-09-25 14:20:04,609-[TS] INFO localhost-startStop-1 org.springframework.beans.factory.xml.XmlBeanDefinitionReader - Loading XML bean definitions from URL [file:/E:/install/apache-tomcat-7.0.40/webapps/frame/WEB-INF/classes/SpringContext.xml]
2013-09-25 14:20:04,968-[TS] INFO localhost-startStop-1 org.springframework.beans.factory.xml.XmlBeanDefinitionReader - Loading XML bean definitions from URL [file:/E:/install/apache-tomcat-7.0.40/webapps/frame/WEB-INF/classes/SpringContext_Shiro.xml]
2013-09-25 14:20:05,234-[TS] INFO localhost-startStop-1 org.springframework.context.support.PropertySourcesPlaceholderConfigurer - Loading properties file from class path resource [dbconfig.properties]
2013-09-25 14:20:05,484-[TS] INFO localhost-startStop-1 org.springframework.web.context.support.XmlWebApplicationContext - Bean 'org.springframework.transaction.annotation.AnnotationTransactionAttributeSource#0' of type [class org.springframework.transaction.annotation.AnnotationTransactionAttributeSource] is not eligible for getting processed by all BeanPostProcessors (for example: not eligible for auto-proxying)
2013-09-25 14:20:05,484-[TS] INFO localhost-startStop-1 org.springframework.web.context.support.XmlWebApplicationContext - Bean 'org.springframework.transaction.config.internalTransactionAdvisor' of type [class org.springframework.transaction.interceptor.BeanFactoryTransactionAttributeSourceAdvisor] is not eligible for getting processed by all BeanPostProcessors (for example: not eligible for auto-proxying)
2013-09-25 14:20:05,531-[TS] INFO localhost-startStop-1 org.springframework.web.context.support.XmlWebApplicationContext - Bean 'dataSource' of type [class org.apache.commons.dbcp.BasicDataSource] is not eligible for getting processed by all BeanPostProcessors (for example: not eligible for auto-proxying)
2013-09-25 14:20:06,218-[TS] INFO localhost-startStop-1 org.springframework.web.context.support.XmlWebApplicationContext - Bean 'sqlSessionFactory' of type [class org.mybatis.spring.SqlSessionFactoryBean] is not eligible for getting processed by all BeanPostProcessors (for example: not eligible for auto-proxying)
2013-09-25 14:20:06,218-[TS] INFO localhost-startStop-1 org.springframework.web.context.support.XmlWebApplicationContext - Bean 'sqlSessionFactory' of type [class org.apache.ibatis.session.defaults.DefaultSqlSessionFactory] is not eligible for getting processed by all BeanPostProcessors (for example: not eligible for auto-proxying)
2013-09-25 14:20:06,234-[TS] INFO localhost-startStop-1 org.springframework.web.context.support.XmlWebApplicationContext - Bean 'sqlSession' of type [class org.mybatis.spring.SqlSessionTemplate] is not eligible for getting processed by all BeanPostProcessors (for example: not eligible for auto-proxying)
2013-09-25 14:20:06,234-[TS] INFO localhost-startStop-1 org.springframework.web.context.support.XmlWebApplicationContext - Bean 'authManager' of type [class com.thang.service.system.AuthManager] is not eligible for getting processed by all BeanPostProcessors (for example: not eligible for auto-proxying)
2013-09-25 14:20:06,250-[TS] INFO localhost-startStop-1 org.springframework.web.context.support.XmlWebApplicationContext - Bean 'userManager' of type [class com.thang.service.system.UserManager] is not eligible for getting processed by all BeanPostProcessors (for example: not eligible for auto-proxying)
2013-09-25 14:20:06,250-[TS] INFO localhost-startStop-1 org.apache.shiro.realm.AuthorizingRealm - No cache or cacheManager properties have been set.  Authorization cache cannot be obtained.
2013-09-25 14:20:06,250-[TS] INFO localhost-startStop-1 org.springframework.web.context.support.XmlWebApplicationContext - Bean 'shiroDbRealm' of type [class com.thang.tools.auth.DBRealm] is not eligible for getting processed by all BeanPostProcessors (for example: not eligible for auto-proxying)
2013-09-25 14:20:06,687-[TS] INFO localhost-startStop-1 org.springframework.web.context.support.XmlWebApplicationContext - Bean 'cacheManager' of type [class org.apache.shiro.cache.ehcache.EhCacheManager] is not eligible for getting processed by all BeanPostProcessors (for example: not eligible for auto-proxying)
2013-09-25 14:20:06,687-[TS] INFO localhost-startStop-1 org.apache.shiro.cache.ehcache.EhCacheManager - Cache with name 'com.thang.tools.auth.DBRealm.authorizationCache' does not yet exist.  Creating now.
2013-09-25 14:20:06,718-[TS] INFO localhost-startStop-1 org.apache.shiro.cache.ehcache.EhCacheManager - Added EhCache named [com.thang.tools.auth.DBRealm.authorizationCache]
2013-09-25 14:20:06,718-[TS] WARN localhost-startStop-1 org.apache.shiro.web.mgt.DefaultWebSecurityManager - The 'sessionMode' property has been deprecated.  Please configure an appropriate WebSessionManager instance instead of using this property.  This property/method will be removed in a later version.
2013-09-25 14:20:06,718-[TS] INFO localhost-startStop-1 org.apache.shiro.web.mgt.DefaultWebSecurityManager - http mode - enabling ServletContainerSessionManager (HTTP-only Sessions)
2013-09-25 14:20:06,718-[TS] INFO localhost-startStop-1 org.springframework.web.context.support.XmlWebApplicationContext - Bean 'securityManager' of type [class org.apache.shiro.web.mgt.DefaultWebSecurityManager] is not eligible for getting processed by all BeanPostProcessors (for example: not eligible for auto-proxying)
2013-09-25 14:20:06,750-[TS] INFO localhost-startStop-1 org.springframework.beans.factory.support.DefaultListableBeanFactory - Pre-instantiating singletons in org.springframework.beans.factory.support.DefaultListableBeanFactory@1fc7b3a: defining beans [org.springframework.context.support.PropertySourcesPlaceholderConfigurer#0,infoService,authManager,resourceManager,roleManager,userManager,dbRealm,org.springframework.context.annotation.internalConfigurationAnnotationProcessor,org.springframework.context.annotation.internalAutowiredAnnotationProcessor,org.springframework.context.annotation.internalRequiredAnnotationProcessor,org.springframework.context.annotation.internalCommonAnnotationProcessor,dataSource,dbe,sqlSessionFactory,sqlSession,txManager,org.springframework.aop.config.internalAutoProxyCreator,org.springframework.transaction.annotation.AnnotationTransactionAttributeSource#0,org.springframework.transaction.interceptor.TransactionInterceptor#0,org.springframework.transaction.config.internalTransactionAdvisor,txAdvice,shiroDbRealm,securityManager,cacheManager,shiroFilter,lifecycleBeanPostProcessor,org.springframework.context.annotation.ConfigurationClassPostProcessor.importAwareProcessor]; root of factory hierarchy
2013-09-25 14:20:06,765-[TS] INFO localhost-startStop-1 org.springframework.web.context.ContextLoader - Root WebApplicationContext: initialization completed in 2390 ms
2013-09-25 14:20:14,531-[TS] INFO http-apr-80-exec-9 org.springframework.web.servlet.DispatcherServlet - FrameworkServlet 'springmvc': initialization started
2013-09-25 14:20:14,546-[TS] INFO http-apr-80-exec-9 org.springframework.web.context.support.XmlWebApplicationContext - Refreshing WebApplicationContext for namespace 'springmvc-servlet': startup date [Wed Sep 25 14:20:14 CST 2013]; parent: Root WebApplicationContext
2013-09-25 14:20:14,546-[TS] INFO http-apr-80-exec-9 org.springframework.beans.factory.xml.XmlBeanDefinitionReader - Loading XML bean definitions from URL [file:/E:/install/apache-tomcat-7.0.40/webapps/frame/WEB-INF/classes/SpringMVC.xml]
2013-09-25 14:20:14,625-[TS] INFO http-apr-80-exec-9 org.springframework.beans.factory.support.DefaultListableBeanFactory - Pre-instantiating singletons in org.springframework.beans.factory.support.DefaultListableBeanFactory@13835b4: defining beans [resourceAction,roleAction,userAction,indexAction,systemAction,org.springframework.context.annotation.internalConfigurationAnnotationProcessor,org.springframework.context.annotation.internalAutowiredAnnotationProcessor,org.springframework.context.annotation.internalRequiredAnnotationProcessor,org.springframework.context.annotation.internalCommonAnnotationProcessor,org.springframework.web.servlet.view.InternalResourceViewResolver#0,exceptionResolver,org.springframework.context.annotation.ConfigurationClassPostProcessor.importAwareProcessor]; parent: org.springframework.beans.factory.support.DefaultListableBeanFactory@1fc7b3a
2013-09-25 14:20:14,656-[TS] INFO http-apr-80-exec-9 org.apache.shiro.realm.AuthorizingRealm - No cache or cacheManager properties have been set.  Authorization cache cannot be obtained.
2013-09-25 14:20:14,750-[TS] INFO http-apr-80-exec-9 org.springframework.web.servlet.mvc.annotation.DefaultAnnotationHandlerMapping - Mapped URL path [/system/resource/list] onto handler 'resourceAction'
2013-09-25 14:20:14,750-[TS] INFO http-apr-80-exec-9 org.springframework.web.servlet.mvc.annotation.DefaultAnnotationHandlerMapping - Mapped URL path [/system/resource/list.*] onto handler 'resourceAction'
2013-09-25 14:20:14,750-[TS] INFO http-apr-80-exec-9 org.springframework.web.servlet.mvc.annotation.DefaultAnnotationHandlerMapping - Mapped URL path [/system/resource/list/] onto handler 'resourceAction'
2013-09-25 14:20:14,750-[TS] INFO http-apr-80-exec-9 org.springframework.web.servlet.mvc.annotation.DefaultAnnotationHandlerMapping - Mapped URL path [/system/resource/form] onto handler 'resourceAction'
2013-09-25 14:20:14,750-[TS] INFO http-apr-80-exec-9 org.springframework.web.servlet.mvc.annotation.DefaultAnnotationHandlerMapping - Mapped URL path [/system/resource/form.*] onto handler 'resourceAction'
2013-09-25 14:20:14,750-[TS] INFO http-apr-80-exec-9 org.springframework.web.servlet.mvc.annotation.DefaultAnnotationHandlerMapping - Mapped URL path [/system/resource/form/] onto handler 'resourceAction'
2013-09-25 14:20:14,750-[TS] INFO http-apr-80-exec-9 org.springframework.web.servlet.mvc.annotation.DefaultAnnotationHandlerMapping - Mapped URL path [/system/resource/listData] onto handler 'resourceAction'
2013-09-25 14:20:14,750-[TS] INFO http-apr-80-exec-9 org.springframework.web.servlet.mvc.annotation.DefaultAnnotationHandlerMapping - Mapped URL path [/system/resource/listData.*] onto handler 'resourceAction'
2013-09-25 14:20:14,750-[TS] INFO http-apr-80-exec-9 org.springframework.web.servlet.mvc.annotation.DefaultAnnotationHandlerMapping - Mapped URL path [/system/resource/listData/] onto handler 'resourceAction'
2013-09-25 14:20:14,750-[TS] INFO http-apr-80-exec-9 org.springframework.web.servlet.mvc.annotation.DefaultAnnotationHandlerMapping - Mapped URL path [/system/role/form] onto handler 'roleAction'
2013-09-25 14:20:14,750-[TS] INFO http-apr-80-exec-9 org.springframework.web.servlet.mvc.annotation.DefaultAnnotationHandlerMapping - Mapped URL path [/system/role/form.*] onto handler 'roleAction'
2013-09-25 14:20:14,750-[TS] INFO http-apr-80-exec-9 org.springframework.web.servlet.mvc.annotation.DefaultAnnotationHandlerMapping - Mapped URL path [/system/role/form/] onto handler 'roleAction'
2013-09-25 14:20:14,750-[TS] INFO http-apr-80-exec-9 org.springframework.web.servlet.mvc.annotation.DefaultAnnotationHandlerMapping - Mapped URL path [/system/role/list] onto handler 'roleAction'
2013-09-25 14:20:14,750-[TS] INFO http-apr-80-exec-9 org.springframework.web.servlet.mvc.annotation.DefaultAnnotationHandlerMapping - Mapped URL path [/system/role/list.*] onto handler 'roleAction'
2013-09-25 14:20:14,750-[TS] INFO http-apr-80-exec-9 org.springframework.web.servlet.mvc.annotation.DefaultAnnotationHandlerMapping - Mapped URL path [/system/role/list/] onto handler 'roleAction'
2013-09-25 14:20:14,750-[TS] INFO http-apr-80-exec-9 org.springframework.web.servlet.mvc.annotation.DefaultAnnotationHandlerMapping - Mapped URL path [/system/role/listData] onto handler 'roleAction'
2013-09-25 14:20:14,750-[TS] INFO http-apr-80-exec-9 org.springframework.web.servlet.mvc.annotation.DefaultAnnotationHandlerMapping - Mapped URL path [/system/role/listData.*] onto handler 'roleAction'
2013-09-25 14:20:14,750-[TS] INFO http-apr-80-exec-9 org.springframework.web.servlet.mvc.annotation.DefaultAnnotationHandlerMapping - Mapped URL path [/system/role/listData/] onto handler 'roleAction'
2013-09-25 14:20:14,750-[TS] INFO http-apr-80-exec-9 org.springframework.web.servlet.mvc.annotation.DefaultAnnotationHandlerMapping - Mapped URL path [/system/user/form] onto handler 'userAction'
2013-09-25 14:20:14,750-[TS] INFO http-apr-80-exec-9 org.springframework.web.servlet.mvc.annotation.DefaultAnnotationHandlerMapping - Mapped URL path [/system/user/form.*] onto handler 'userAction'
2013-09-25 14:20:14,750-[TS] INFO http-apr-80-exec-9 org.springframework.web.servlet.mvc.annotation.DefaultAnnotationHandlerMapping - Mapped URL path [/system/user/form/] onto handler 'userAction'
2013-09-25 14:20:14,750-[TS] INFO http-apr-80-exec-9 org.springframework.web.servlet.mvc.annotation.DefaultAnnotationHandlerMapping - Mapped URL path [/system/user/list] onto handler 'userAction'
2013-09-25 14:20:14,750-[TS] INFO http-apr-80-exec-9 org.springframework.web.servlet.mvc.annotation.DefaultAnnotationHandlerMapping - Mapped URL path [/system/user/list.*] onto handler 'userAction'
2013-09-25 14:20:14,750-[TS] INFO http-apr-80-exec-9 org.springframework.web.servlet.mvc.annotation.DefaultAnnotationHandlerMapping - Mapped URL path [/system/user/list/] onto handler 'userAction'
2013-09-25 14:20:14,750-[TS] INFO http-apr-80-exec-9 org.springframework.web.servlet.mvc.annotation.DefaultAnnotationHandlerMapping - Mapped URL path [/system/user/login] onto handler 'userAction'
2013-09-25 14:20:14,750-[TS] INFO http-apr-80-exec-9 org.springframework.web.servlet.mvc.annotation.DefaultAnnotationHandlerMapping - Mapped URL path [/system/user/login.*] onto handler 'userAction'
2013-09-25 14:20:14,750-[TS] INFO http-apr-80-exec-9 org.springframework.web.servlet.mvc.annotation.DefaultAnnotationHandlerMapping - Mapped URL path [/system/user/login/] onto handler 'userAction'
2013-09-25 14:20:14,750-[TS] INFO http-apr-80-exec-9 org.springframework.web.servlet.mvc.annotation.DefaultAnnotationHandlerMapping - Mapped URL path [/system/user/logout] onto handler 'userAction'
2013-09-25 14:20:14,750-[TS] INFO http-apr-80-exec-9 org.springframework.web.servlet.mvc.annotation.DefaultAnnotationHandlerMapping - Mapped URL path [/system/user/logout.*] onto handler 'userAction'
2013-09-25 14:20:14,750-[TS] INFO http-apr-80-exec-9 org.springframework.web.servlet.mvc.annotation.DefaultAnnotationHandlerMapping - Mapped URL path [/system/user/logout/] onto handler 'userAction'
2013-09-25 14:20:14,750-[TS] INFO http-apr-80-exec-9 org.springframework.web.servlet.mvc.annotation.DefaultAnnotationHandlerMapping - Mapped URL path [/system/user/listData] onto handler 'userAction'
2013-09-25 14:20:14,750-[TS] INFO http-apr-80-exec-9 org.springframework.web.servlet.mvc.annotation.DefaultAnnotationHandlerMapping - Mapped URL path [/system/user/listData.*] onto handler 'userAction'
2013-09-25 14:20:14,750-[TS] INFO http-apr-80-exec-9 org.springframework.web.servlet.mvc.annotation.DefaultAnnotationHandlerMapping - Mapped URL path [/system/user/listData/] onto handler 'userAction'
2013-09-25 14:20:14,750-[TS] INFO http-apr-80-exec-9 org.springframework.web.servlet.mvc.annotation.DefaultAnnotationHandlerMapping - Mapped URL path [/main] onto handler 'indexAction'
2013-09-25 14:20:14,750-[TS] INFO http-apr-80-exec-9 org.springframework.web.servlet.mvc.annotation.DefaultAnnotationHandlerMapping - Mapped URL path [/main.*] onto handler 'indexAction'
2013-09-25 14:20:14,750-[TS] INFO http-apr-80-exec-9 org.springframework.web.servlet.mvc.annotation.DefaultAnnotationHandlerMapping - Mapped URL path [/main/] onto handler 'indexAction'
2013-09-25 14:20:14,750-[TS] INFO http-apr-80-exec-9 org.springframework.web.servlet.mvc.annotation.DefaultAnnotationHandlerMapping - Mapped URL path [/index] onto handler 'indexAction'
2013-09-25 14:20:14,750-[TS] INFO http-apr-80-exec-9 org.springframework.web.servlet.mvc.annotation.DefaultAnnotationHandlerMapping - Mapped URL path [/index.*] onto handler 'indexAction'
2013-09-25 14:20:14,750-[TS] INFO http-apr-80-exec-9 org.springframework.web.servlet.mvc.annotation.DefaultAnnotationHandlerMapping - Mapped URL path [/index/] onto handler 'indexAction'
2013-09-25 14:20:14,750-[TS] INFO http-apr-80-exec-9 org.springframework.web.servlet.mvc.annotation.DefaultAnnotationHandlerMapping - Mapped URL path [/system/about] onto handler 'systemAction'
2013-09-25 14:20:14,750-[TS] INFO http-apr-80-exec-9 org.springframework.web.servlet.mvc.annotation.DefaultAnnotationHandlerMapping - Mapped URL path [/system/about.*] onto handler 'systemAction'
2013-09-25 14:20:14,750-[TS] INFO http-apr-80-exec-9 org.springframework.web.servlet.mvc.annotation.DefaultAnnotationHandlerMapping - Mapped URL path [/system/about/] onto handler 'systemAction'
2013-09-25 14:20:14,750-[TS] INFO http-apr-80-exec-9 org.springframework.web.servlet.mvc.annotation.DefaultAnnotationHandlerMapping - Mapped URL path [/system/contact] onto handler 'systemAction'
2013-09-25 14:20:14,750-[TS] INFO http-apr-80-exec-9 org.springframework.web.servlet.mvc.annotation.DefaultAnnotationHandlerMapping - Mapped URL path [/system/contact.*] onto handler 'systemAction'
2013-09-25 14:20:14,750-[TS] INFO http-apr-80-exec-9 org.springframework.web.servlet.mvc.annotation.DefaultAnnotationHandlerMapping - Mapped URL path [/system/contact/] onto handler 'systemAction'
2013-09-25 14:20:14,750-[TS] INFO http-apr-80-exec-9 org.springframework.web.servlet.mvc.annotation.DefaultAnnotationHandlerMapping - Mapped URL path [/system] onto handler 'systemAction'
2013-09-25 14:20:14,750-[TS] INFO http-apr-80-exec-9 org.springframework.web.servlet.mvc.annotation.DefaultAnnotationHandlerMapping - Mapped URL path [/system.*] onto handler 'systemAction'
2013-09-25 14:20:14,750-[TS] INFO http-apr-80-exec-9 org.springframework.web.servlet.mvc.annotation.DefaultAnnotationHandlerMapping - Mapped URL path [/system/] onto handler 'systemAction'
2013-09-25 14:20:14,828-[TS] INFO http-apr-80-exec-9 org.springframework.web.servlet.DispatcherServlet - FrameworkServlet 'springmvc': initialization completed in 297 ms
2013-09-25 14:20:14,890-[TS] WARN http-apr-80-exec-10 org.springframework.web.servlet.PageNotFound - No mapping found for HTTP request with URI [/frame/web/system/login] in DispatcherServlet with name 'springmvc'
2013-09-25 14:21:21,171-[TS] INFO localhost-startStop-1 org.springframework.web.context.ContextLoader - Root WebApplicationContext: initialization started
2013-09-25 14:21:21,312-[TS] INFO localhost-startStop-1 org.springframework.web.context.support.XmlWebApplicationContext - Refreshing Root WebApplicationContext: startup date [Wed Sep 25 14:21:21 CST 2013]; root of context hierarchy
2013-09-25 14:21:21,406-[TS] INFO localhost-startStop-1 org.springframework.beans.factory.xml.XmlBeanDefinitionReader - Loading XML bean definitions from URL [file:/E:/install/apache-tomcat-7.0.40/webapps/frame/WEB-INF/classes/SpringContext.xml]
2013-09-25 14:21:21,718-[TS] INFO localhost-startStop-1 org.springframework.beans.factory.xml.XmlBeanDefinitionReader - Loading XML bean definitions from URL [file:/E:/install/apache-tomcat-7.0.40/webapps/frame/WEB-INF/classes/SpringContext_Shiro.xml]
2013-09-25 14:21:22,031-[TS] INFO localhost-startStop-1 org.springframework.context.support.PropertySourcesPlaceholderConfigurer - Loading properties file from class path resource [dbconfig.properties]
2013-09-25 14:21:22,265-[TS] INFO localhost-startStop-1 org.springframework.web.context.support.XmlWebApplicationContext - Bean 'org.springframework.transaction.annotation.AnnotationTransactionAttributeSource#0' of type [class org.springframework.transaction.annotation.AnnotationTransactionAttributeSource] is not eligible for getting processed by all BeanPostProcessors (for example: not eligible for auto-proxying)
2013-09-25 14:21:22,265-[TS] INFO localhost-startStop-1 org.springframework.web.context.support.XmlWebApplicationContext - Bean 'org.springframework.transaction.config.internalTransactionAdvisor' of type [class org.springframework.transaction.interceptor.BeanFactoryTransactionAttributeSourceAdvisor] is not eligible for getting processed by all BeanPostProcessors (for example: not eligible for auto-proxying)
2013-09-25 14:21:22,312-[TS] INFO localhost-startStop-1 org.springframework.web.context.support.XmlWebApplicationContext - Bean 'dataSource' of type [class org.apache.commons.dbcp.BasicDataSource] is not eligible for getting processed by all BeanPostProcessors (for example: not eligible for auto-proxying)
2013-09-25 14:21:22,984-[TS] INFO localhost-startStop-1 org.springframework.web.context.support.XmlWebApplicationContext - Bean 'sqlSessionFactory' of type [class org.mybatis.spring.SqlSessionFactoryBean] is not eligible for getting processed by all BeanPostProcessors (for example: not eligible for auto-proxying)
2013-09-25 14:21:22,984-[TS] INFO localhost-startStop-1 org.springframework.web.context.support.XmlWebApplicationContext - Bean 'sqlSessionFactory' of type [class org.apache.ibatis.session.defaults.DefaultSqlSessionFactory] is not eligible for getting processed by all BeanPostProcessors (for example: not eligible for auto-proxying)
2013-09-25 14:21:23,000-[TS] INFO localhost-startStop-1 org.springframework.web.context.support.XmlWebApplicationContext - Bean 'sqlSession' of type [class org.mybatis.spring.SqlSessionTemplate] is not eligible for getting processed by all BeanPostProcessors (for example: not eligible for auto-proxying)
2013-09-25 14:21:23,015-[TS] INFO localhost-startStop-1 org.springframework.web.context.support.XmlWebApplicationContext - Bean 'authManager' of type [class com.thang.service.system.AuthManager] is not eligible for getting processed by all BeanPostProcessors (for example: not eligible for auto-proxying)
2013-09-25 14:21:23,015-[TS] INFO localhost-startStop-1 org.springframework.web.context.support.XmlWebApplicationContext - Bean 'userManager' of type [class com.thang.service.system.UserManager] is not eligible for getting processed by all BeanPostProcessors (for example: not eligible for auto-proxying)
2013-09-25 14:21:23,015-[TS] INFO localhost-startStop-1 org.apache.shiro.realm.AuthorizingRealm - No cache or cacheManager properties have been set.  Authorization cache cannot be obtained.
2013-09-25 14:21:23,015-[TS] INFO localhost-startStop-1 org.springframework.web.context.support.XmlWebApplicationContext - Bean 'shiroDbRealm' of type [class com.thang.tools.auth.DBRealm] is not eligible for getting processed by all BeanPostProcessors (for example: not eligible for auto-proxying)
2013-09-25 14:21:23,421-[TS] INFO localhost-startStop-1 org.springframework.web.context.support.XmlWebApplicationContext - Bean 'cacheManager' of type [class org.apache.shiro.cache.ehcache.EhCacheManager] is not eligible for getting processed by all BeanPostProcessors (for example: not eligible for auto-proxying)
2013-09-25 14:21:23,421-[TS] INFO localhost-startStop-1 org.apache.shiro.cache.ehcache.EhCacheManager - Cache with name 'com.thang.tools.auth.DBRealm.authorizationCache' does not yet exist.  Creating now.
2013-09-25 14:21:23,453-[TS] INFO localhost-startStop-1 org.apache.shiro.cache.ehcache.EhCacheManager - Added EhCache named [com.thang.tools.auth.DBRealm.authorizationCache]
2013-09-25 14:21:23,453-[TS] WARN localhost-startStop-1 org.apache.shiro.web.mgt.DefaultWebSecurityManager - The 'sessionMode' property has been deprecated.  Please configure an appropriate WebSessionManager instance instead of using this property.  This property/method will be removed in a later version.
2013-09-25 14:21:23,453-[TS] INFO localhost-startStop-1 org.apache.shiro.web.mgt.DefaultWebSecurityManager - http mode - enabling ServletContainerSessionManager (HTTP-only Sessions)
2013-09-25 14:21:23,453-[TS] INFO localhost-startStop-1 org.springframework.web.context.support.XmlWebApplicationContext - Bean 'securityManager' of type [class org.apache.shiro.web.mgt.DefaultWebSecurityManager] is not eligible for getting processed by all BeanPostProcessors (for example: not eligible for auto-proxying)
2013-09-25 14:21:23,484-[TS] INFO localhost-startStop-1 org.springframework.beans.factory.support.DefaultListableBeanFactory - Pre-instantiating singletons in org.springframework.beans.factory.support.DefaultListableBeanFactory@1b7c63f: defining beans [org.springframework.context.support.PropertySourcesPlaceholderConfigurer#0,infoService,authManager,resourceManager,roleManager,userManager,dbRealm,org.springframework.context.annotation.internalConfigurationAnnotationProcessor,org.springframework.context.annotation.internalAutowiredAnnotationProcessor,org.springframework.context.annotation.internalRequiredAnnotationProcessor,org.springframework.context.annotation.internalCommonAnnotationProcessor,dataSource,dbe,sqlSessionFactory,sqlSession,txManager,org.springframework.aop.config.internalAutoProxyCreator,org.springframework.transaction.annotation.AnnotationTransactionAttributeSource#0,org.springframework.transaction.interceptor.TransactionInterceptor#0,org.springframework.transaction.config.internalTransactionAdvisor,txAdvice,shiroDbRealm,securityManager,cacheManager,shiroFilter,lifecycleBeanPostProcessor,org.springframework.context.annotation.ConfigurationClassPostProcessor.importAwareProcessor]; root of factory hierarchy
2013-09-25 14:21:23,500-[TS] INFO localhost-startStop-1 org.springframework.web.context.ContextLoader - Root WebApplicationContext: initialization completed in 2329 ms
2013-09-25 14:21:54,765-[TS] INFO http-apr-80-exec-9 org.springframework.web.servlet.DispatcherServlet - FrameworkServlet 'springmvc': initialization started
2013-09-25 14:21:54,781-[TS] INFO http-apr-80-exec-9 org.springframework.web.context.support.XmlWebApplicationContext - Refreshing WebApplicationContext for namespace 'springmvc-servlet': startup date [Wed Sep 25 14:21:54 CST 2013]; parent: Root WebApplicationContext
2013-09-25 14:21:54,781-[TS] INFO http-apr-80-exec-9 org.springframework.beans.factory.xml.XmlBeanDefinitionReader - Loading XML bean definitions from URL [file:/E:/install/apache-tomcat-7.0.40/webapps/frame/WEB-INF/classes/SpringMVC.xml]
2013-09-25 14:21:54,875-[TS] INFO http-apr-80-exec-9 org.springframework.beans.factory.support.DefaultListableBeanFactory - Pre-instantiating singletons in org.springframework.beans.factory.support.DefaultListableBeanFactory@745477: defining beans [resourceAction,roleAction,userAction,indexAction,systemAction,org.springframework.context.annotation.internalConfigurationAnnotationProcessor,org.springframework.context.annotation.internalAutowiredAnnotationProcessor,org.springframework.context.annotation.internalRequiredAnnotationProcessor,org.springframework.context.annotation.internalCommonAnnotationProcessor,org.springframework.web.servlet.view.InternalResourceViewResolver#0,exceptionResolver,org.springframework.context.annotation.ConfigurationClassPostProcessor.importAwareProcessor]; parent: org.springframework.beans.factory.support.DefaultListableBeanFactory@1b7c63f
2013-09-25 14:21:54,890-[TS] INFO http-apr-80-exec-9 org.apache.shiro.realm.AuthorizingRealm - No cache or cacheManager properties have been set.  Authorization cache cannot be obtained.
2013-09-25 14:21:54,984-[TS] INFO http-apr-80-exec-9 org.springframework.web.servlet.mvc.annotation.DefaultAnnotationHandlerMapping - Mapped URL path [/system/resource/list] onto handler 'resourceAction'
2013-09-25 14:21:54,984-[TS] INFO http-apr-80-exec-9 org.springframework.web.servlet.mvc.annotation.DefaultAnnotationHandlerMapping - Mapped URL path [/system/resource/list.*] onto handler 'resourceAction'
2013-09-25 14:21:54,984-[TS] INFO http-apr-80-exec-9 org.springframework.web.servlet.mvc.annotation.DefaultAnnotationHandlerMapping - Mapped URL path [/system/resource/list/] onto handler 'resourceAction'
2013-09-25 14:21:54,984-[TS] INFO http-apr-80-exec-9 org.springframework.web.servlet.mvc.annotation.DefaultAnnotationHandlerMapping - Mapped URL path [/system/resource/form] onto handler 'resourceAction'
2013-09-25 14:21:54,984-[TS] INFO http-apr-80-exec-9 org.springframework.web.servlet.mvc.annotation.DefaultAnnotationHandlerMapping - Mapped URL path [/system/resource/form.*] onto handler 'resourceAction'
2013-09-25 14:21:54,984-[TS] INFO http-apr-80-exec-9 org.springframework.web.servlet.mvc.annotation.DefaultAnnotationHandlerMapping - Mapped URL path [/system/resource/form/] onto handler 'resourceAction'
2013-09-25 14:21:54,984-[TS] INFO http-apr-80-exec-9 org.springframework.web.servlet.mvc.annotation.DefaultAnnotationHandlerMapping - Mapped URL path [/system/resource/listData] onto handler 'resourceAction'
2013-09-25 14:21:54,984-[TS] INFO http-apr-80-exec-9 org.springframework.web.servlet.mvc.annotation.DefaultAnnotationHandlerMapping - Mapped URL path [/system/resource/listData.*] onto handler 'resourceAction'
2013-09-25 14:21:54,984-[TS] INFO http-apr-80-exec-9 org.springframework.web.servlet.mvc.annotation.DefaultAnnotationHandlerMapping - Mapped URL path [/system/resource/listData/] onto handler 'resourceAction'
2013-09-25 14:21:54,984-[TS] INFO http-apr-80-exec-9 org.springframework.web.servlet.mvc.annotation.DefaultAnnotationHandlerMapping - Mapped URL path [/system/role/form] onto handler 'roleAction'
2013-09-25 14:21:54,984-[TS] INFO http-apr-80-exec-9 org.springframework.web.servlet.mvc.annotation.DefaultAnnotationHandlerMapping - Mapped URL path [/system/role/form.*] onto handler 'roleAction'
2013-09-25 14:21:54,984-[TS] INFO http-apr-80-exec-9 org.springframework.web.servlet.mvc.annotation.DefaultAnnotationHandlerMapping - Mapped URL path [/system/role/form/] onto handler 'roleAction'
2013-09-25 14:21:54,984-[TS] INFO http-apr-80-exec-9 org.springframework.web.servlet.mvc.annotation.DefaultAnnotationHandlerMapping - Mapped URL path [/system/role/list] onto handler 'roleAction'
2013-09-25 14:21:54,984-[TS] INFO http-apr-80-exec-9 org.springframework.web.servlet.mvc.annotation.DefaultAnnotationHandlerMapping - Mapped URL path [/system/role/list.*] onto handler 'roleAction'
2013-09-25 14:21:54,984-[TS] INFO http-apr-80-exec-9 org.springframework.web.servlet.mvc.annotation.DefaultAnnotationHandlerMapping - Mapped URL path [/system/role/list/] onto handler 'roleAction'
2013-09-25 14:21:54,984-[TS] INFO http-apr-80-exec-9 org.springframework.web.servlet.mvc.annotation.DefaultAnnotationHandlerMapping - Mapped URL path [/system/role/listData] onto handler 'roleAction'
2013-09-25 14:21:54,984-[TS] INFO http-apr-80-exec-9 org.springframework.web.servlet.mvc.annotation.DefaultAnnotationHandlerMapping - Mapped URL path [/system/role/listData.*] onto handler 'roleAction'
2013-09-25 14:21:54,984-[TS] INFO http-apr-80-exec-9 org.springframework.web.servlet.mvc.annotation.DefaultAnnotationHandlerMapping - Mapped URL path [/system/role/listData/] onto handler 'roleAction'
2013-09-25 14:21:54,984-[TS] INFO http-apr-80-exec-9 org.springframework.web.servlet.mvc.annotation.DefaultAnnotationHandlerMapping - Mapped URL path [/system/user/form] onto handler 'userAction'
2013-09-25 14:21:54,984-[TS] INFO http-apr-80-exec-9 org.springframework.web.servlet.mvc.annotation.DefaultAnnotationHandlerMapping - Mapped URL path [/system/user/form.*] onto handler 'userAction'
2013-09-25 14:21:54,984-[TS] INFO http-apr-80-exec-9 org.springframework.web.servlet.mvc.annotation.DefaultAnnotationHandlerMapping - Mapped URL path [/system/user/form/] onto handler 'userAction'
2013-09-25 14:21:54,984-[TS] INFO http-apr-80-exec-9 org.springframework.web.servlet.mvc.annotation.DefaultAnnotationHandlerMapping - Mapped URL path [/system/user/list] onto handler 'userAction'
2013-09-25 14:21:54,984-[TS] INFO http-apr-80-exec-9 org.springframework.web.servlet.mvc.annotation.DefaultAnnotationHandlerMapping - Mapped URL path [/system/user/list.*] onto handler 'userAction'
2013-09-25 14:21:54,984-[TS] INFO http-apr-80-exec-9 org.springframework.web.servlet.mvc.annotation.DefaultAnnotationHandlerMapping - Mapped URL path [/system/user/list/] onto handler 'userAction'
2013-09-25 14:21:54,984-[TS] INFO http-apr-80-exec-9 org.springframework.web.servlet.mvc.annotation.DefaultAnnotationHandlerMapping - Mapped URL path [/system/user/login] onto handler 'userAction'
2013-09-25 14:21:54,984-[TS] INFO http-apr-80-exec-9 org.springframework.web.servlet.mvc.annotation.DefaultAnnotationHandlerMapping - Mapped URL path [/system/user/login.*] onto handler 'userAction'
2013-09-25 14:21:54,984-[TS] INFO http-apr-80-exec-9 org.springframework.web.servlet.mvc.annotation.DefaultAnnotationHandlerMapping - Mapped URL path [/system/user/login/] onto handler 'userAction'
2013-09-25 14:21:54,984-[TS] INFO http-apr-80-exec-9 org.springframework.web.servlet.mvc.annotation.DefaultAnnotationHandlerMapping - Mapped URL path [/system/user/listData] onto handler 'userAction'
2013-09-25 14:21:54,984-[TS] INFO http-apr-80-exec-9 org.springframework.web.servlet.mvc.annotation.DefaultAnnotationHandlerMapping - Mapped URL path [/system/user/listData.*] onto handler 'userAction'
2013-09-25 14:21:54,984-[TS] INFO http-apr-80-exec-9 org.springframework.web.servlet.mvc.annotation.DefaultAnnotationHandlerMapping - Mapped URL path [/system/user/listData/] onto handler 'userAction'
2013-09-25 14:21:54,984-[TS] INFO http-apr-80-exec-9 org.springframework.web.servlet.mvc.annotation.DefaultAnnotationHandlerMapping - Mapped URL path [/main] onto handler 'indexAction'
2013-09-25 14:21:54,984-[TS] INFO http-apr-80-exec-9 org.springframework.web.servlet.mvc.annotation.DefaultAnnotationHandlerMapping - Mapped URL path [/main.*] onto handler 'indexAction'
2013-09-25 14:21:54,984-[TS] INFO http-apr-80-exec-9 org.springframework.web.servlet.mvc.annotation.DefaultAnnotationHandlerMapping - Mapped URL path [/main/] onto handler 'indexAction'
2013-09-25 14:21:54,984-[TS] INFO http-apr-80-exec-9 org.springframework.web.servlet.mvc.annotation.DefaultAnnotationHandlerMapping - Mapped URL path [/index] onto handler 'indexAction'
2013-09-25 14:21:54,984-[TS] INFO http-apr-80-exec-9 org.springframework.web.servlet.mvc.annotation.DefaultAnnotationHandlerMapping - Mapped URL path [/index.*] onto handler 'indexAction'
2013-09-25 14:21:54,984-[TS] INFO http-apr-80-exec-9 org.springframework.web.servlet.mvc.annotation.DefaultAnnotationHandlerMapping - Mapped URL path [/index/] onto handler 'indexAction'
2013-09-25 14:21:54,984-[TS] INFO http-apr-80-exec-9 org.springframework.web.servlet.mvc.annotation.DefaultAnnotationHandlerMapping - Mapped URL path [/system/about] onto handler 'systemAction'
2013-09-25 14:21:54,984-[TS] INFO http-apr-80-exec-9 org.springframework.web.servlet.mvc.annotation.DefaultAnnotationHandlerMapping - Mapped URL path [/system/about.*] onto handler 'systemAction'
2013-09-25 14:21:54,984-[TS] INFO http-apr-80-exec-9 org.springframework.web.servlet.mvc.annotation.DefaultAnnotationHandlerMapping - Mapped URL path [/system/about/] onto handler 'systemAction'
2013-09-25 14:21:54,984-[TS] INFO http-apr-80-exec-9 org.springframework.web.servlet.mvc.annotation.DefaultAnnotationHandlerMapping - Mapped URL path [/system/contact] onto handler 'systemAction'
2013-09-25 14:21:54,984-[TS] INFO http-apr-80-exec-9 org.springframework.web.servlet.mvc.annotation.DefaultAnnotationHandlerMapping - Mapped URL path [/system/contact.*] onto handler 'systemAction'
2013-09-25 14:21:54,984-[TS] INFO http-apr-80-exec-9 org.springframework.web.servlet.mvc.annotation.DefaultAnnotationHandlerMapping - Mapped URL path [/system/contact/] onto handler 'systemAction'
2013-09-25 14:21:54,984-[TS] INFO http-apr-80-exec-9 org.springframework.web.servlet.mvc.annotation.DefaultAnnotationHandlerMapping - Mapped URL path [/system] onto handler 'systemAction'
2013-09-25 14:21:54,984-[TS] INFO http-apr-80-exec-9 org.springframework.web.servlet.mvc.annotation.DefaultAnnotationHandlerMapping - Mapped URL path [/system.*] onto handler 'systemAction'
2013-09-25 14:21:54,984-[TS] INFO http-apr-80-exec-9 org.springframework.web.servlet.mvc.annotation.DefaultAnnotationHandlerMapping - Mapped URL path [/system/] onto handler 'systemAction'
2013-09-25 14:21:55,062-[TS] INFO http-apr-80-exec-9 org.springframework.web.servlet.DispatcherServlet - FrameworkServlet 'springmvc': initialization completed in 297 ms
2013-09-25 14:22:05,953-[TS] WARN http-apr-80-exec-8 org.springframework.web.servlet.PageNotFound - No mapping found for HTTP request with URI [/frame/web/system/auth/userForm] in DispatcherServlet with name 'springmvc'
2013-09-25 14:23:27,359-[TS] WARN http-apr-80-exec-4 org.springframework.web.servlet.PageNotFound - No mapping found for HTTP request with URI [/frame/web/system/logout] in DispatcherServlet with name 'springmvc'
