2013-10-17 10:34:39,359-[TS] INFO localhost-startStop-1 org.springframework.web.context.ContextLoader - Root WebApplicationContext: initialization started
2013-10-17 10:34:39,531-[TS] INFO localhost-startStop-1 org.springframework.web.context.support.XmlWebApplicationContext - Refreshing Root WebApplicationContext: startup date [Thu Oct 17 10:34:39 CST 2013]; root of context hierarchy
2013-10-17 10:34:39,625-[TS] INFO localhost-startStop-1 org.springframework.beans.factory.xml.XmlBeanDefinitionReader - Loading XML bean definitions from URL [file:/E:/install/apache-tomcat-7.0.40/webapps/frame/WEB-INF/classes/SpringContext.xml]
2013-10-17 10:34:39,968-[TS] INFO localhost-startStop-1 org.springframework.beans.factory.xml.XmlBeanDefinitionReader - Loading XML bean definitions from URL [file:/E:/install/apache-tomcat-7.0.40/webapps/frame/WEB-INF/classes/SpringContext_Shiro.xml]
2013-10-17 10:34:40,281-[TS] INFO localhost-startStop-1 org.springframework.context.support.PropertySourcesPlaceholderConfigurer - Loading properties file from class path resource [dbconfig.properties]
2013-10-17 10:34:40,562-[TS] INFO localhost-startStop-1 org.springframework.web.context.support.XmlWebApplicationContext - Bean 'org.springframework.transaction.annotation.AnnotationTransactionAttributeSource#0' of type [class org.springframework.transaction.annotation.AnnotationTransactionAttributeSource] is not eligible for getting processed by all BeanPostProcessors (for example: not eligible for auto-proxying)
2013-10-17 10:34:40,562-[TS] INFO localhost-startStop-1 org.springframework.web.context.support.XmlWebApplicationContext - Bean 'org.springframework.transaction.config.internalTransactionAdvisor' of type [class org.springframework.transaction.interceptor.BeanFactoryTransactionAttributeSourceAdvisor] is not eligible for getting processed by all BeanPostProcessors (for example: not eligible for auto-proxying)
2013-10-17 10:34:40,625-[TS] INFO localhost-startStop-1 org.springframework.web.context.support.XmlWebApplicationContext - Bean 'dataSource' of type [class org.apache.commons.dbcp.BasicDataSource] is not eligible for getting processed by all BeanPostProcessors (for example: not eligible for auto-proxying)
2013-10-17 10:34:41,625-[TS] INFO localhost-startStop-1 org.springframework.web.context.support.XmlWebApplicationContext - Bean 'sqlSessionFactory' of type [class org.mybatis.spring.SqlSessionFactoryBean] is not eligible for getting processed by all BeanPostProcessors (for example: not eligible for auto-proxying)
2013-10-17 10:34:41,625-[TS] INFO localhost-startStop-1 org.springframework.web.context.support.XmlWebApplicationContext - Bean 'sqlSessionFactory' of type [class org.apache.ibatis.session.defaults.DefaultSqlSessionFactory] is not eligible for getting processed by all BeanPostProcessors (for example: not eligible for auto-proxying)
2013-10-17 10:34:41,640-[TS] INFO localhost-startStop-1 org.springframework.web.context.support.XmlWebApplicationContext - Bean 'sqlSession' of type [class org.mybatis.spring.SqlSessionTemplate] is not eligible for getting processed by all BeanPostProcessors (for example: not eligible for auto-proxying)
2013-10-17 10:34:41,640-[TS] INFO localhost-startStop-1 org.springframework.web.context.support.XmlWebApplicationContext - Bean 'authManager' of type [class com.thang.service.system.AuthManager] is not eligible for getting processed by all BeanPostProcessors (for example: not eligible for auto-proxying)
2013-10-17 10:34:41,656-[TS] INFO localhost-startStop-1 org.springframework.web.context.support.XmlWebApplicationContext - Bean 'userManager' of type [class com.thang.service.system.UserManager] is not eligible for getting processed by all BeanPostProcessors (for example: not eligible for auto-proxying)
2013-10-17 10:34:41,656-[TS] INFO localhost-startStop-1 org.apache.shiro.realm.AuthorizingRealm - No cache or cacheManager properties have been set.  Authorization cache cannot be obtained.
2013-10-17 10:34:41,656-[TS] INFO localhost-startStop-1 org.springframework.web.context.support.XmlWebApplicationContext - Bean 'shiroDbRealm' of type [class com.thang.tools.auth.DBRealm] is not eligible for getting processed by all BeanPostProcessors (for example: not eligible for auto-proxying)
2013-10-17 10:34:42,140-[TS] INFO localhost-startStop-1 org.springframework.web.context.support.XmlWebApplicationContext - Bean 'cacheManager' of type [class org.apache.shiro.cache.ehcache.EhCacheManager] is not eligible for getting processed by all BeanPostProcessors (for example: not eligible for auto-proxying)
2013-10-17 10:34:42,140-[TS] INFO localhost-startStop-1 org.apache.shiro.cache.ehcache.EhCacheManager - Cache with name 'com.thang.tools.auth.DBRealm.authorizationCache' does not yet exist.  Creating now.
2013-10-17 10:34:42,171-[TS] INFO localhost-startStop-1 org.apache.shiro.cache.ehcache.EhCacheManager - Added EhCache named [com.thang.tools.auth.DBRealm.authorizationCache]
2013-10-17 10:34:42,171-[TS] WARN localhost-startStop-1 org.apache.shiro.web.mgt.DefaultWebSecurityManager - The 'sessionMode' property has been deprecated.  Please configure an appropriate WebSessionManager instance instead of using this property.  This property/method will be removed in a later version.
2013-10-17 10:34:42,171-[TS] INFO localhost-startStop-1 org.apache.shiro.web.mgt.DefaultWebSecurityManager - http mode - enabling ServletContainerSessionManager (HTTP-only Sessions)
2013-10-17 10:34:42,171-[TS] INFO localhost-startStop-1 org.springframework.web.context.support.XmlWebApplicationContext - Bean 'securityManager' of type [class org.apache.shiro.web.mgt.DefaultWebSecurityManager] is not eligible for getting processed by all BeanPostProcessors (for example: not eligible for auto-proxying)
2013-10-17 10:34:42,203-[TS] INFO localhost-startStop-1 org.springframework.beans.factory.support.DefaultListableBeanFactory - Pre-instantiating singletons in org.springframework.beans.factory.support.DefaultListableBeanFactory@18e862c: defining beans [org.springframework.context.support.PropertySourcesPlaceholderConfigurer#0,infoService,authManager,resourceManager,roleManager,SLogManager,userManager,dbRealm,org.springframework.context.annotation.internalConfigurationAnnotationProcessor,org.springframework.context.annotation.internalAutowiredAnnotationProcessor,org.springframework.context.annotation.internalRequiredAnnotationProcessor,org.springframework.context.annotation.internalCommonAnnotationProcessor,dataSource,dbe,sqlSessionFactory,sqlSession,txManager,org.springframework.aop.config.internalAutoProxyCreator,org.springframework.transaction.annotation.AnnotationTransactionAttributeSource#0,org.springframework.transaction.interceptor.TransactionInterceptor#0,org.springframework.transaction.config.internalTransactionAdvisor,txAdvice,shiroDbRealm,securityManager,cacheManager,shiroFilter,lifecycleBeanPostProcessor,org.springframework.context.annotation.ConfigurationClassPostProcessor.importAwareProcessor]; root of factory hierarchy
2013-10-17 10:34:42,218-[TS] INFO localhost-startStop-1 org.springframework.web.context.ContextLoader - Root WebApplicationContext: initialization completed in 2828 ms
2013-10-17 13:50:11,328-[TS] INFO localhost-startStop-1 org.quartz.impl.StdSchedulerFactory - Using default implementation for ThreadExecutor
2013-10-17 13:50:11,328-[TS] INFO localhost-startStop-1 org.quartz.simpl.SimpleThreadPool - Job execution threads will use class loader of thread: localhost-startStop-1
2013-10-17 13:50:11,359-[TS] INFO localhost-startStop-1 org.quartz.core.SchedulerSignalerImpl - Initialized Scheduler Signaller of type: class org.quartz.core.SchedulerSignalerImpl
2013-10-17 13:50:11,359-[TS] INFO localhost-startStop-1 org.quartz.core.QuartzScheduler - Quartz Scheduler v.2.2.1 created.
2013-10-17 13:50:11,359-[TS] INFO localhost-startStop-1 org.quartz.simpl.RAMJobStore - RAMJobStore initialized.
2013-10-17 13:50:11,359-[TS] INFO localhost-startStop-1 org.quartz.core.QuartzScheduler - Scheduler meta-data: Quartz Scheduler (v2.2.1) 'DefaultQuartzScheduler' with instanceId 'NON_CLUSTERED'
  Scheduler class: 'org.quartz.core.QuartzScheduler' - running locally.
  NOT STARTED.
  Currently in standby mode.
  Number of jobs executed: 0
  Using thread pool 'org.quartz.simpl.SimpleThreadPool' - with 10 threads.
  Using job-store 'org.quartz.simpl.RAMJobStore' - which does not support persistence. and is not clustered.

2013-10-17 13:50:11,359-[TS] INFO localhost-startStop-1 org.quartz.impl.StdSchedulerFactory - Quartz scheduler 'DefaultQuartzScheduler' initialized from default resource file in Quartz package: 'quartz.properties'
2013-10-17 13:50:11,359-[TS] INFO localhost-startStop-1 org.quartz.impl.StdSchedulerFactory - Quartz scheduler version: 2.2.1
2013-10-17 13:50:11,359-[TS] INFO localhost-startStop-1 org.quartz.core.QuartzScheduler - Scheduler DefaultQuartzScheduler_$_NON_CLUSTERED started.
2013-10-17 13:50:11,421-[TS] INFO localhost-startStop-1 org.springframework.web.context.ContextLoader - Root WebApplicationContext: initialization started
2013-10-17 13:50:11,546-[TS] INFO localhost-startStop-1 org.springframework.web.context.support.XmlWebApplicationContext - Refreshing Root WebApplicationContext: startup date [Thu Oct 17 13:50:11 CST 2013]; root of context hierarchy
2013-10-17 13:50:11,640-[TS] INFO localhost-startStop-1 org.springframework.beans.factory.xml.XmlBeanDefinitionReader - Loading XML bean definitions from URL [file:/E:/install/apache-tomcat-7.0.40/webapps/frame/WEB-INF/classes/SpringContext.xml]
2013-10-17 13:50:11,968-[TS] INFO localhost-startStop-1 org.springframework.beans.factory.xml.XmlBeanDefinitionReader - Loading XML bean definitions from URL [file:/E:/install/apache-tomcat-7.0.40/webapps/frame/WEB-INF/classes/SpringContext_Shiro.xml]
2013-10-17 13:50:12,265-[TS] INFO localhost-startStop-1 org.springframework.context.support.PropertySourcesPlaceholderConfigurer - Loading properties file from class path resource [dbconfig.properties]
2013-10-17 13:50:12,484-[TS] INFO localhost-startStop-1 org.springframework.web.context.support.XmlWebApplicationContext - Bean 'org.springframework.transaction.annotation.AnnotationTransactionAttributeSource#0' of type [class org.springframework.transaction.annotation.AnnotationTransactionAttributeSource] is not eligible for getting processed by all BeanPostProcessors (for example: not eligible for auto-proxying)
2013-10-17 13:50:12,484-[TS] INFO localhost-startStop-1 org.springframework.web.context.support.XmlWebApplicationContext - Bean 'org.springframework.transaction.config.internalTransactionAdvisor' of type [class org.springframework.transaction.interceptor.BeanFactoryTransactionAttributeSourceAdvisor] is not eligible for getting processed by all BeanPostProcessors (for example: not eligible for auto-proxying)
2013-10-17 13:50:12,531-[TS] INFO localhost-startStop-1 org.springframework.web.context.support.XmlWebApplicationContext - Bean 'dataSource' of type [class org.apache.commons.dbcp.BasicDataSource] is not eligible for getting processed by all BeanPostProcessors (for example: not eligible for auto-proxying)
2013-10-17 13:50:13,234-[TS] INFO localhost-startStop-1 org.springframework.web.context.support.XmlWebApplicationContext - Bean 'sqlSessionFactory' of type [class org.mybatis.spring.SqlSessionFactoryBean] is not eligible for getting processed by all BeanPostProcessors (for example: not eligible for auto-proxying)
2013-10-17 13:50:13,234-[TS] INFO localhost-startStop-1 org.springframework.web.context.support.XmlWebApplicationContext - Bean 'sqlSessionFactory' of type [class org.apache.ibatis.session.defaults.DefaultSqlSessionFactory] is not eligible for getting processed by all BeanPostProcessors (for example: not eligible for auto-proxying)
2013-10-17 13:50:13,265-[TS] INFO localhost-startStop-1 org.springframework.web.context.support.XmlWebApplicationContext - Bean 'sqlSession' of type [class org.mybatis.spring.SqlSessionTemplate] is not eligible for getting processed by all BeanPostProcessors (for example: not eligible for auto-proxying)
2013-10-17 13:50:13,265-[TS] INFO localhost-startStop-1 org.springframework.web.context.support.XmlWebApplicationContext - Bean 'authManager' of type [class com.thang.service.system.AuthManager] is not eligible for getting processed by all BeanPostProcessors (for example: not eligible for auto-proxying)
2013-10-17 13:50:13,265-[TS] INFO localhost-startStop-1 org.springframework.web.context.support.XmlWebApplicationContext - Bean 'userManager' of type [class com.thang.service.system.UserManager] is not eligible for getting processed by all BeanPostProcessors (for example: not eligible for auto-proxying)
2013-10-17 13:50:13,265-[TS] INFO localhost-startStop-1 org.apache.shiro.realm.AuthorizingRealm - No cache or cacheManager properties have been set.  Authorization cache cannot be obtained.
2013-10-17 13:50:13,265-[TS] INFO localhost-startStop-1 org.springframework.web.context.support.XmlWebApplicationContext - Bean 'shiroDbRealm' of type [class com.thang.tools.auth.DBRealm] is not eligible for getting processed by all BeanPostProcessors (for example: not eligible for auto-proxying)
2013-10-17 13:50:13,671-[TS] INFO localhost-startStop-1 org.springframework.web.context.support.XmlWebApplicationContext - Bean 'cacheManager' of type [class org.apache.shiro.cache.ehcache.EhCacheManager] is not eligible for getting processed by all BeanPostProcessors (for example: not eligible for auto-proxying)
2013-10-17 13:50:13,671-[TS] INFO localhost-startStop-1 org.apache.shiro.cache.ehcache.EhCacheManager - Cache with name 'com.thang.tools.auth.DBRealm.authorizationCache' does not yet exist.  Creating now.
2013-10-17 13:50:13,703-[TS] INFO localhost-startStop-1 org.apache.shiro.cache.ehcache.EhCacheManager - Added EhCache named [com.thang.tools.auth.DBRealm.authorizationCache]
2013-10-17 13:50:13,703-[TS] WARN localhost-startStop-1 org.apache.shiro.web.mgt.DefaultWebSecurityManager - The 'sessionMode' property has been deprecated.  Please configure an appropriate WebSessionManager instance instead of using this property.  This property/method will be removed in a later version.
2013-10-17 13:50:13,703-[TS] INFO localhost-startStop-1 org.apache.shiro.web.mgt.DefaultWebSecurityManager - http mode - enabling ServletContainerSessionManager (HTTP-only Sessions)
2013-10-17 13:50:13,703-[TS] INFO localhost-startStop-1 org.springframework.web.context.support.XmlWebApplicationContext - Bean 'securityManager' of type [class org.apache.shiro.web.mgt.DefaultWebSecurityManager] is not eligible for getting processed by all BeanPostProcessors (for example: not eligible for auto-proxying)
2013-10-17 13:50:13,718-[TS] INFO localhost-startStop-1 org.springframework.beans.factory.support.DefaultListableBeanFactory - Pre-instantiating singletons in org.springframework.beans.factory.support.DefaultListableBeanFactory@199f9eb: defining beans [org.springframework.context.support.PropertySourcesPlaceholderConfigurer#0,infoService,authManager,resourceManager,roleManager,SLogManager,userManager,dbRealm,org.springframework.context.annotation.internalConfigurationAnnotationProcessor,org.springframework.context.annotation.internalAutowiredAnnotationProcessor,org.springframework.context.annotation.internalRequiredAnnotationProcessor,org.springframework.context.annotation.internalCommonAnnotationProcessor,dataSource,dbe,sqlSessionFactory,sqlSession,txManager,org.springframework.aop.config.internalAutoProxyCreator,org.springframework.transaction.annotation.AnnotationTransactionAttributeSource#0,org.springframework.transaction.interceptor.TransactionInterceptor#0,org.springframework.transaction.config.internalTransactionAdvisor,txAdvice,shiroDbRealm,securityManager,cacheManager,shiroFilter,lifecycleBeanPostProcessor,org.springframework.context.annotation.ConfigurationClassPostProcessor.importAwareProcessor]; root of factory hierarchy
2013-10-17 13:50:13,734-[TS] INFO localhost-startStop-1 org.springframework.web.context.ContextLoader - Root WebApplicationContext: initialization completed in 2313 ms
2013-10-17 17:53:16,203-[TS] INFO ContainerBackgroundProcessor[StandardEngine[Catalina]] org.springframework.web.context.support.XmlWebApplicationContext - Closing Root WebApplicationContext: startup date [Thu Oct 17 13:50:11 CST 2013]; root of context hierarchy
2013-10-17 17:53:16,203-[TS] INFO ContainerBackgroundProcessor[StandardEngine[Catalina]] org.springframework.beans.factory.support.DefaultListableBeanFactory - Destroying singletons in org.springframework.beans.factory.support.DefaultListableBeanFactory@199f9eb: defining beans [org.springframework.context.support.PropertySourcesPlaceholderConfigurer#0,infoService,authManager,resourceManager,roleManager,SLogManager,userManager,dbRealm,org.springframework.context.annotation.internalConfigurationAnnotationProcessor,org.springframework.context.annotation.internalAutowiredAnnotationProcessor,org.springframework.context.annotation.internalRequiredAnnotationProcessor,org.springframework.context.annotation.internalCommonAnnotationProcessor,dataSource,dbe,sqlSessionFactory,sqlSession,txManager,org.springframework.aop.config.internalAutoProxyCreator,org.springframework.transaction.annotation.AnnotationTransactionAttributeSource#0,org.springframework.transaction.interceptor.TransactionInterceptor#0,org.springframework.transaction.config.internalTransactionAdvisor,txAdvice,shiroDbRealm,securityManager,cacheManager,shiroFilter,lifecycleBeanPostProcessor,org.springframework.context.annotation.ConfigurationClassPostProcessor.importAwareProcessor]; root of factory hierarchy
2013-10-17 17:53:16,671-[TS] WARN ContainerBackgroundProcessor[StandardEngine[Catalina]] org.springframework.beans.factory.support.DisposableBeanAdapter - Invocation of destroy method 'close' failed on bean with name 'sqlSession': java.lang.UnsupportedOperationException: Manual close is not allowed over a Spring managed SqlSession
